This is XeTeX, Version 3.141592653-2.6-0.999997 (TeX Live 2025) (preloaded format=xelatex 2025.3.8)  4 NOV 2025 22:49
entering extended mode
 restricted \write18 enabled.
 file:line:error style messages enabled.
 %&-line parsing enabled.
**"/Users/thalitazhr/Documents/Thalita's Academics/STI ITB/Semester 7/TA Final/ProposalTA-STI/ProposalTA"
(/Users/thalitazhr/Documents/Thalita's Academics/STI ITB/Semester 7/TA Final/ProposalTA-STI/ProposalTA.tex
LaTeX2e <2024-11-01> patch level 2
L3 programming layer <2025-01-18>
(/usr/local/texlive/2025/texmf-dist/tex/latex/base/book.cls
Document Class: book 2024/06/29 v1.4n Standard LaTeX document class
(/usr/local/texlive/2025/texmf-dist/tex/latex/base/bk12.clo
File: bk12.clo 2024/06/29 v1.4n Standard LaTeX file (size option)
)
\c@part=\count192
\c@chapter=\count193
\c@section=\count194
\c@subsection=\count195
\c@subsubsection=\count196
\c@paragraph=\count197
\c@subparagraph=\count198
\c@figure=\count199
\c@table=\count266
\abovecaptionskip=\skip49
\belowcaptionskip=\skip50
\bibindent=\dimen141
) (/usr/local/texlive/2025/texmf-dist/tex/latex/base/inputenc.sty
Package: inputenc 2024/02/08 v1.3d Input encoding file
\inpenc@prehook=\toks17
\inpenc@posthook=\toks18


Package inputenc Warning: inputenc package ignored with utf8 based engines.

) (/usr/local/texlive/2025/texmf-dist/tex/latex/fontspec/fontspec.sty (/usr/local/texlive/2025/texmf-dist/tex/latex/l3packages/xparse/xparse.sty (/usr/local/texlive/2025/texmf-dist/tex/latex/l3kernel/expl3.sty
Package: expl3 2025-01-18 L3 programming layer (loader) 
 (/usr/local/texlive/2025/texmf-dist/tex/latex/l3backend/l3backend-xetex.def
File: l3backend-xetex.def 2024-05-08 L3 backend support: XeTeX
\g__graphics_track_int=\count267
\l__pdf_internal_box=\box52
\g__pdf_backend_annotation_int=\count268
\g__pdf_backend_link_int=\count269
))
Package: xparse 2024-08-16 L3 Experimental document command parser
)
Package: fontspec 2024/05/11 v2.9e Font selection for XeLaTeX and LuaLaTeX
 (/usr/local/texlive/2025/texmf-dist/tex/latex/fontspec/fontspec-xetex.sty
Package: fontspec-xetex 2024/05/11 v2.9e Font selection for XeLaTeX and LuaLaTeX
\l__fontspec_script_int=\count270
\l__fontspec_language_int=\count271
\l__fontspec_strnum_int=\count272
\l__fontspec_tmp_int=\count273
\l__fontspec_tmpa_int=\count274
\l__fontspec_tmpb_int=\count275
\l__fontspec_tmpc_int=\count276
\l__fontspec_em_int=\count277
\l__fontspec_emdef_int=\count278
\l__fontspec_strong_int=\count279
\l__fontspec_strongdef_int=\count280
\l__fontspec_tmpa_dim=\dimen142
\l__fontspec_tmpb_dim=\dimen143
\l__fontspec_tmpc_dim=\dimen144
 (/usr/local/texlive/2025/texmf-dist/tex/latex/base/fontenc.sty
Package: fontenc 2021/04/29 v2.0v Standard LaTeX package
) (/usr/local/texlive/2025/texmf-dist/tex/latex/fontspec/fontspec.cfg)))

Package fontspec Info: 
(fontspec)             Font family 'TimesNewRoman(0)' created for font 'Times
(fontspec)             New Roman' with options [Ligatures=TeX].
(fontspec)              
(fontspec)              This font family consists of the following NFSS
(fontspec)             series/shapes:
(fontspec)              
(fontspec)             - 'normal' (m/n) with NFSS spec.: <->"Times New
(fontspec)             Roman/OT:script=latn;language=dflt;mapping=tex-text;"
(fontspec)             - 'bold' (b/n) with NFSS spec.: <->"Times New
(fontspec)             Roman/B/OT:script=latn;language=dflt;mapping=tex-text;"
(fontspec)             - 'italic' (m/it) with NFSS spec.: <->"Times New
(fontspec)             Roman/I/OT:script=latn;language=dflt;mapping=tex-text;"
(fontspec)             - 'bold italic' (b/it) with NFSS spec.: <->"Times New
(fontspec)             Roman/BI/OT:script=latn;language=dflt;mapping=tex-text;"

 (/usr/local/texlive/2025/texmf-dist/tex/latex/geometry/geometry.sty
Package: geometry 2020/01/02 v5.9 Page Geometry
 (/usr/local/texlive/2025/texmf-dist/tex/latex/graphics/keyval.sty
Package: keyval 2022/05/29 v1.15 key=value parser (DPC)
\KV@toks@=\toks19
) (/usr/local/texlive/2025/texmf-dist/tex/generic/iftex/ifvtex.sty
Package: ifvtex 2019/10/25 v1.7 ifvtex legacy package. Use iftex instead.
 (/usr/local/texlive/2025/texmf-dist/tex/generic/iftex/iftex.sty
Package: iftex 2024/12/12 v1.0g TeX engine tests
))
\Gm@cnth=\count281
\Gm@cntv=\count282
\c@Gm@tempcnt=\count283
\Gm@bindingoffset=\dimen145
\Gm@wd@mp=\dimen146
\Gm@odd@mp=\dimen147
\Gm@even@mp=\dimen148
\Gm@layoutwidth=\dimen149
\Gm@layoutheight=\dimen150
\Gm@layouthoffset=\dimen151
\Gm@layoutvoffset=\dimen152
\Gm@dimlist=\toks20
) (/usr/local/texlive/2025/texmf-dist/tex/generic/babel/babel.sty
Package: babel 2025/02/14 v25.4 The multilingual framework for pdfLaTeX, LuaLaTeX and XeLaTeX
\babel@savecnt=\count284
\U@D=\dimen153
\l@unhyphenated=\language90
 (/usr/local/texlive/2025/texmf-dist/tex/generic/babel/xebabel.def)
\bbl@readstream=\read2
\bbl@dirlevel=\count285
 (/usr/local/texlive/2025/texmf-dist/tex/generic/babel-indonesian/indonesian.ldf
Language: indonesian 2017/02/15 v1.0m Bahasa Indonesia support from the babel system
)) (/usr/local/texlive/2025/texmf-dist/tex/generic/babel/locale/id/babel-indonesian.tex
Package babel Info: Importing font and identification data for indonesian
(babel)             from babel-id.ini. Reported on input line 11.
) (/usr/local/texlive/2025/texmf-dist/tex/latex/csquotes/csquotes.sty
Package: csquotes 2024-04-04 v5.2o context-sensitive quotations (JAW)
 (/usr/local/texlive/2025/texmf-dist/tex/latex/etoolbox/etoolbox.sty
Package: etoolbox 2025/02/11 v2.5l e-TeX tools for LaTeX (JAW)
\etb@tempcnta=\count286
)
\csq@reset=\count287
\csq@gtype=\count288
\csq@glevel=\count289
\csq@qlevel=\count290
\csq@maxlvl=\count291
\csq@tshold=\count292
\csq@ltx@everypar=\toks21
 (/usr/local/texlive/2025/texmf-dist/tex/latex/csquotes/csquotes.def
File: csquotes.def 2024-04-04 v5.2o csquotes generic definitions (JAW)
)
Package csquotes Info: Trying to load configuration file 'csquotes.cfg'...
Package csquotes Info: ... configuration file loaded successfully.
 (/usr/local/texlive/2025/texmf-dist/tex/latex/csquotes/csquotes.cfg
File: csquotes.cfg 
)) (/usr/local/texlive/2025/texmf-dist/tex/latex/setspace/setspace.sty
Package: setspace 2022/12/04 v6.7b set line spacing
) (/usr/local/texlive/2025/texmf-dist/tex/latex/graphics/graphicx.sty
Package: graphicx 2021/09/16 v1.2d Enhanced LaTeX Graphics (DPC,SPQR)
 (/usr/local/texlive/2025/texmf-dist/tex/latex/graphics/graphics.sty
Package: graphics 2024/08/06 v1.4g Standard LaTeX Graphics (DPC,SPQR)
 (/usr/local/texlive/2025/texmf-dist/tex/latex/graphics/trig.sty
Package: trig 2023/12/02 v1.11 sin cos tan (DPC)
) (/usr/local/texlive/2025/texmf-dist/tex/latex/graphics-cfg/graphics.cfg
File: graphics.cfg 2016/06/04 v1.11 sample graphics configuration
)
Package graphics Info: Driver file: xetex.def on input line 106.
 (/usr/local/texlive/2025/texmf-dist/tex/latex/graphics-def/xetex.def
File: xetex.def 2022/09/22 v5.0n Graphics/color driver for xetex
))
\Gin@req@height=\dimen154
\Gin@req@width=\dimen155
) (/usr/local/texlive/2025/texmf-dist/tex/latex/caption/caption.sty
Package: caption 2023/08/05 v3.6o Customizing captions (AR)
 (/usr/local/texlive/2025/texmf-dist/tex/latex/caption/caption3.sty
Package: caption3 2023/07/31 v2.4d caption3 kernel (AR)
\caption@tempdima=\dimen156
\captionmargin=\dimen157
\caption@leftmargin=\dimen158
\caption@rightmargin=\dimen159
\caption@width=\dimen160
\caption@indent=\dimen161
\caption@parindent=\dimen162
\caption@hangindent=\dimen163
Package caption Info: Standard document class detected.
)
\c@caption@flags=\count293
\c@continuedfloat=\count294
) (/usr/local/texlive/2025/texmf-dist/tex/latex/caption/subcaption.sty
Package: subcaption 2023/07/28 v1.6b Sub-captions (AR)
Package caption Info: New subtype `subfigure' on input line 238.
\c@subfigure=\count295
Package caption Info: New subtype `subtable' on input line 238.
\c@subtable=\count296
) (/usr/local/texlive/2025/texmf-dist/tex/latex/hyperref/hyperref.sty
Package: hyperref 2024-11-05 v7.01l Hypertext links for LaTeX
 (/usr/local/texlive/2025/texmf-dist/tex/latex/kvsetkeys/kvsetkeys.sty
Package: kvsetkeys 2022-10-05 v1.19 Key value parser (HO)
) (/usr/local/texlive/2025/texmf-dist/tex/generic/kvdefinekeys/kvdefinekeys.sty
Package: kvdefinekeys 2019-12-19 v1.6 Define keys (HO)
) (/usr/local/texlive/2025/texmf-dist/tex/generic/pdfescape/pdfescape.sty
Package: pdfescape 2019/12/09 v1.15 Implements pdfTeX's escape features (HO)
 (/usr/local/texlive/2025/texmf-dist/tex/generic/ltxcmds/ltxcmds.sty
Package: ltxcmds 2023-12-04 v1.26 LaTeX kernel commands for general use (HO)
) (/usr/local/texlive/2025/texmf-dist/tex/generic/pdftexcmds/pdftexcmds.sty
Package: pdftexcmds 2020-06-27 v0.33 Utility functions of pdfTeX for LuaTeX (HO)
 (/usr/local/texlive/2025/texmf-dist/tex/generic/infwarerr/infwarerr.sty
Package: infwarerr 2019/12/03 v1.5 Providing info/warning/error messages (HO)
)
Package pdftexcmds Info: \pdf@primitive is available.
Package pdftexcmds Info: \pdf@ifprimitive is available.
Package pdftexcmds Info: \pdfdraftmode not found.
)) (/usr/local/texlive/2025/texmf-dist/tex/latex/hycolor/hycolor.sty
Package: hycolor 2020-01-27 v1.10 Color options for hyperref/bookmark (HO)
) (/usr/local/texlive/2025/texmf-dist/tex/latex/hyperref/nameref.sty
Package: nameref 2023-11-26 v2.56 Cross-referencing by name of section
 (/usr/local/texlive/2025/texmf-dist/tex/latex/refcount/refcount.sty
Package: refcount 2019/12/15 v3.6 Data extraction from label references (HO)
) (/usr/local/texlive/2025/texmf-dist/tex/generic/gettitlestring/gettitlestring.sty
Package: gettitlestring 2019/12/15 v1.6 Cleanup title references (HO)
 (/usr/local/texlive/2025/texmf-dist/tex/latex/kvoptions/kvoptions.sty
Package: kvoptions 2022-06-15 v3.15 Key value format for package options (HO)
))
\c@section@level=\count297
) (/usr/local/texlive/2025/texmf-dist/tex/generic/stringenc/stringenc.sty
Package: stringenc 2019/11/29 v1.12 Convert strings between diff. encodings (HO)
)
\@linkdim=\dimen164
\Hy@linkcounter=\count298
\Hy@pagecounter=\count299
 (/usr/local/texlive/2025/texmf-dist/tex/latex/hyperref/pd1enc.def
File: pd1enc.def 2024-11-05 v7.01l Hyperref: PDFDocEncoding definition (HO)
) (/usr/local/texlive/2025/texmf-dist/tex/generic/intcalc/intcalc.sty
Package: intcalc 2019/12/15 v1.3 Expandable calculations with integers (HO)
)
\Hy@SavedSpaceFactor=\count300
 (/usr/local/texlive/2025/texmf-dist/tex/latex/hyperref/puenc.def
File: puenc.def 2024-11-05 v7.01l Hyperref: PDF Unicode definition (HO)
)
Package hyperref Info: Hyper figures OFF on input line 4157.
Package hyperref Info: Link nesting OFF on input line 4162.
Package hyperref Info: Hyper index ON on input line 4165.
Package hyperref Info: Plain pages OFF on input line 4172.
Package hyperref Info: Backreferencing OFF on input line 4177.
Package hyperref Info: Implicit mode ON; LaTeX internals redefined.
Package hyperref Info: Bookmarks ON on input line 4424.
\c@Hy@tempcnt=\count301
 (/usr/local/texlive/2025/texmf-dist/tex/latex/url/url.sty
\Urlmuskip=\muskip17
Package: url 2013/09/16  ver 3.4  Verb mode for urls, etc.
)
LaTeX Info: Redefining \url on input line 4763.
\XeTeXLinkMargin=\dimen165
 (/usr/local/texlive/2025/texmf-dist/tex/generic/bitset/bitset.sty
Package: bitset 2019/12/09 v1.3 Handle bit-vector datatype (HO)
 (/usr/local/texlive/2025/texmf-dist/tex/generic/bigintcalc/bigintcalc.sty
Package: bigintcalc 2019/12/15 v1.5 Expandable calculations on big integers (HO)
))
\Fld@menulength=\count302
\Field@Width=\dimen166
\Fld@charsize=\dimen167
Package hyperref Info: Hyper figures OFF on input line 6042.
Package hyperref Info: Link nesting OFF on input line 6047.
Package hyperref Info: Hyper index ON on input line 6050.
Package hyperref Info: backreferencing OFF on input line 6057.
Package hyperref Info: Link coloring OFF on input line 6062.
Package hyperref Info: Link coloring with OCG OFF on input line 6067.
Package hyperref Info: PDF/A mode OFF on input line 6072.
 (/usr/local/texlive/2025/texmf-dist/tex/latex/base/atbegshi-ltx.sty
Package: atbegshi-ltx 2021/01/10 v1.0c Emulation of the original atbegshi
package with kernel methods
)
\Hy@abspage=\count303
\c@Item=\count304
\c@Hfootnote=\count305
)
Package hyperref Info: Driver (autodetected): hxetex.
 (/usr/local/texlive/2025/texmf-dist/tex/latex/hyperref/hxetex.def
File: hxetex.def 2024-11-05 v7.01l Hyperref driver for XeTeX
\pdfm@box=\box53
\c@Hy@AnnotLevel=\count306
\HyField@AnnotCount=\count307
\Fld@listcount=\count308
\c@bookmark@seq@number=\count309
 (/usr/local/texlive/2025/texmf-dist/tex/latex/rerunfilecheck/rerunfilecheck.sty
Package: rerunfilecheck 2022-07-10 v1.10 Rerun checks for auxiliary files (HO)
 (/usr/local/texlive/2025/texmf-dist/tex/latex/base/atveryend-ltx.sty
Package: atveryend-ltx 2020/08/19 v1.0a Emulation of the original atveryend package
with kernel methods
) (/usr/local/texlive/2025/texmf-dist/tex/generic/uniquecounter/uniquecounter.sty
Package: uniquecounter 2019/12/15 v1.4 Provide unlimited unique counter (HO)
)
Package uniquecounter Info: New unique counter `rerunfilecheck' on input line 285.
)
\Hy@SectionHShift=\skip51
) (/usr/local/texlive/2025/texmf-dist/tex/latex/titlesec/titlesec.sty
Package: titlesec 2025/01/04 v2.17 Sectioning titles
\ttl@box=\box54
\beforetitleunit=\skip52
\aftertitleunit=\skip53
\ttl@plus=\dimen168
\ttl@minus=\dimen169
\ttl@toksa=\toks22
\titlewidth=\dimen170
\titlewidthlast=\dimen171
\titlewidthfirst=\dimen172
) (/usr/local/texlive/2025/texmf-dist/tex/latex/tocloft/tocloft.sty
Package: tocloft 2017/08/31 v2.3i parameterised ToC, etc., typesetting
Package tocloft Info: The document has chapter divisions on input line 51.
\cftparskip=\skip54
\cftbeforetoctitleskip=\skip55
\cftaftertoctitleskip=\skip56
\cftbeforepartskip=\skip57
\cftpartnumwidth=\skip58
\cftpartindent=\skip59
\cftbeforechapskip=\skip60
\cftchapindent=\skip61
\cftchapnumwidth=\skip62
\cftbeforesecskip=\skip63
\cftsecindent=\skip64
\cftsecnumwidth=\skip65
\cftbeforesubsecskip=\skip66
\cftsubsecindent=\skip67
\cftsubsecnumwidth=\skip68
\cftbeforesubsubsecskip=\skip69
\cftsubsubsecindent=\skip70
\cftsubsubsecnumwidth=\skip71
\cftbeforeparaskip=\skip72
\cftparaindent=\skip73
\cftparanumwidth=\skip74
\cftbeforesubparaskip=\skip75
\cftsubparaindent=\skip76
\cftsubparanumwidth=\skip77
\cftbeforeloftitleskip=\skip78
\cftafterloftitleskip=\skip79
\cftbeforefigskip=\skip80
\cftfigindent=\skip81
\cftfignumwidth=\skip82
\c@lofdepth=\count310
\c@lotdepth=\count311
\cftbeforelottitleskip=\skip83
\cftafterlottitleskip=\skip84
\cftbeforetabskip=\skip85
\cfttabindent=\skip86
\cfttabnumwidth=\skip87
) (/usr/local/texlive/2025/texmf-dist/tex/latex/lipsum/lipsum.sty (/usr/local/texlive/2025/texmf-dist/tex/latex/l3packages/l3keys2e/l3keys2e.sty
Package: l3keys2e 2024-08-16 LaTeX2e option processing using LaTeX3 keys
)
Package: lipsum 2021-09-20 v2.7 150 paragraphs of Lorem Ipsum dummy text
\g__lipsum_par_int=\count312
\l__lipsum_a_int=\count313
\l__lipsum_b_int=\count314
 (/usr/local/texlive/2025/texmf-dist/tex/latex/lipsum/lipsum.ltd.tex)) (/usr/local/texlive/2025/texmf-dist/tex/latex/floatrow/floatrow.sty
Package: floatrow 2008/08/02 v0.3b floatrow: float package extension
\c@float@type=\count315
\float@exts=\toks23
\float@box=\box55
\@floatcapt=\box56
Package floatrow Info: Modified float package code loaded on input line 455.
Package floatrow Info: Modified rotfloat package code loaded on input line 473.
\FR@everyfloat=\toks24
\flrow@foot=\insert252
\FB@wd=\dimen173
\FBo@wd=\dimen174
\FBc@wd=\dimen175
\FBo@ht=\skip88
\FBc@ht=\skip89
\FBf@ht=\skip90
\FBo@max=\skip91
\FBc@max=\skip92
\FBf@max=\skip93
\c@FBl@b=\count316
\floatbox@depth=\count317
\c@FRobj=\count318
\c@FRsobj=\count319
\Xhsize=\skip94
\sXhsize=\skip95
\Zhsize=\skip96
\sZhsize=\skip97
\flrow@rowbox=\box57
\FR@Zunitlength=\dimen176
\c@FBcnt=\count320
\FPOScnt=\count321
\LTleft=\skip98
\LTright=\skip99
\LTleft=\skip100
\LTright=\skip101
\flrow@types=\toks25
) (/usr/local/texlive/2025/texmf-dist/tex/latex/listings/listings.sty
\lst@mode=\count322
\lst@gtempboxa=\box58
\lst@token=\toks26
\lst@length=\count323
\lst@currlwidth=\dimen177
\lst@column=\count324
\lst@pos=\count325
\lst@lostspace=\dimen178
\lst@width=\dimen179
\lst@newlines=\count326
\lst@lineno=\count327
\lst@maxwidth=\dimen180
 (/usr/local/texlive/2025/texmf-dist/tex/latex/listings/lstpatch.sty
File: lstpatch.sty 2024/09/23 1.10c (Carsten Heinz)
) (/usr/local/texlive/2025/texmf-dist/tex/latex/listings/lstmisc.sty
File: lstmisc.sty 2024/09/23 1.10c (Carsten Heinz)
\c@lstnumber=\count328
\lst@skipnumbers=\count329
\lst@framebox=\box59
) (/usr/local/texlive/2025/texmf-dist/tex/latex/listings/listings.cfg
File: listings.cfg 2024/09/23 1.10c listings configuration
))
Package: listings 2024/09/23 1.10c (Carsten Heinz)
 (/usr/local/texlive/2025/texmf-dist/tex/latex/amsmath/amsmath.sty
Package: amsmath 2024/11/05 v2.17t AMS math features
\@mathmargin=\skip102

For additional information on amsmath, use the `?' option.
(/usr/local/texlive/2025/texmf-dist/tex/latex/amsmath/amstext.sty
Package: amstext 2021/08/26 v2.01 AMS text
 (/usr/local/texlive/2025/texmf-dist/tex/latex/amsmath/amsgen.sty
File: amsgen.sty 1999/11/30 v2.0 generic functions
\@emptytoks=\toks27
\ex@=\dimen181
)) (/usr/local/texlive/2025/texmf-dist/tex/latex/amsmath/amsbsy.sty
Package: amsbsy 1999/11/29 v1.2d Bold Symbols
\pmbraise@=\dimen182
) (/usr/local/texlive/2025/texmf-dist/tex/latex/amsmath/amsopn.sty
Package: amsopn 2022/04/08 v2.04 operator names
)
\inf@bad=\count330
LaTeX Info: Redefining \frac on input line 233.
\uproot@=\count331
\leftroot@=\count332
LaTeX Info: Redefining \overline on input line 398.
LaTeX Info: Redefining \colon on input line 409.
\classnum@=\count333
\DOTSCASE@=\count334
LaTeX Info: Redefining \ldots on input line 495.
LaTeX Info: Redefining \dots on input line 498.
LaTeX Info: Redefining \cdots on input line 619.
\Mathstrutbox@=\box60
\strutbox@=\box61
LaTeX Info: Redefining \big on input line 721.
LaTeX Info: Redefining \Big on input line 722.
LaTeX Info: Redefining \bigg on input line 723.
LaTeX Info: Redefining \Bigg on input line 724.
\big@size=\dimen183
LaTeX Font Info:    Redeclaring font encoding OML on input line 742.
LaTeX Font Info:    Redeclaring font encoding OMS on input line 743.
\macc@depth=\count335
LaTeX Info: Redefining \bmod on input line 904.
LaTeX Info: Redefining \pmod on input line 909.
LaTeX Info: Redefining \smash on input line 939.
LaTeX Info: Redefining \relbar on input line 969.
LaTeX Info: Redefining \Relbar on input line 970.
\c@MaxMatrixCols=\count336
\dotsspace@=\muskip18
\c@parentequation=\count337
\dspbrk@lvl=\count338
\tag@help=\toks28
\row@=\count339
\column@=\count340
\maxfields@=\count341
\andhelp@=\toks29
\eqnshift@=\dimen184
\alignsep@=\dimen185
\tagshift@=\dimen186
\tagwidth@=\dimen187
\totwidth@=\dimen188
\lineht@=\dimen189
\@envbody=\toks30
\multlinegap=\skip103
\multlinetaggap=\skip104
\mathdisplay@stack=\toks31
LaTeX Info: Redefining \[ on input line 2953.
LaTeX Info: Redefining \] on input line 2954.
) (/usr/local/texlive/2025/texmf-dist/tex/latex/amsfonts/amssymb.sty
Package: amssymb 2013/01/14 v3.01 AMS font symbols
 (/usr/local/texlive/2025/texmf-dist/tex/latex/amsfonts/amsfonts.sty
Package: amsfonts 2013/01/14 v3.01 Basic AMSFonts support
\symAMSa=\mathgroup4
\symAMSb=\mathgroup5
LaTeX Font Info:    Redeclaring math symbol \hbar on input line 98.
LaTeX Font Info:    Overwriting math alphabet `\mathfrak' in version `bold'
(Font)                  U/euf/m/n --> U/euf/b/n on input line 106.
)) (/usr/local/texlive/2025/texmf-dist/tex/latex/enumitem/enumitem.sty
Package: enumitem 2025/02/06 v3.11 Customized lists
\labelindent=\skip105
\enit@outerparindent=\dimen190
\enit@toks=\toks32
\enit@inbox=\box62
\enit@count@id=\count342
\enitdp@description=\count343
) (/usr/local/texlive/2025/texmf-dist/tex/latex/parskip/parskip.sty
Package: parskip 2021-03-14 v2.0h non-zero parskip adjustments
) (/usr/local/texlive/2025/texmf-dist/tex/latex/tools/longtable.sty
Package: longtable 2024-10-27 v4.22 Multi-page Table package (DPC)
\LTleft=\skip106
\LTright=\skip107
\LTpre=\skip108
\LTpost=\skip109
\LTchunksize=\count344
\LTcapwidth=\dimen191
\LT@head=\box63
\LT@firsthead=\box64
\LT@foot=\box65
\LT@lastfoot=\box66
\LT@gbox=\box67
\LT@cols=\count345
\LT@rows=\count346
\c@LT@tables=\count347
\c@LT@chunks=\count348
\LT@p@ftn=\toks33
) (/usr/local/texlive/2025/texmf-dist/tex/latex/booktabs/booktabs.sty
Package: booktabs 2020/01/12 v1.61803398 Publication quality tables
\heavyrulewidth=\dimen192
\lightrulewidth=\dimen193
\cmidrulewidth=\dimen194
\belowrulesep=\dimen195
\belowbottomsep=\dimen196
\aboverulesep=\dimen197
\abovetopsep=\dimen198
\cmidrulesep=\dimen199
\cmidrulekern=\dimen256
\defaultaddspace=\dimen257
\@cmidla=\count349
\@cmidlb=\count350
\@aboverulesep=\dimen258
\@belowrulesep=\dimen259
\@thisruleclass=\count351
\@lastruleclass=\count352
\@thisrulewidth=\dimen260
) (/usr/local/texlive/2025/texmf-dist/tex/latex/datetime2/datetime2.sty
Package: datetime2 2021/03/21 v1.5.7 (NLCT) date and time formats
 (/usr/local/texlive/2025/texmf-dist/tex/latex/tracklang/tracklang.sty
Package: tracklang 2025/03/04 v1.6.5 (NLCT) Track Languages
 (/usr/local/texlive/2025/texmf-dist/tex/generic/tracklang/tracklang.tex)) (/usr/local/texlive/2025/texmf-dist/tex/latex/xkeyval/xkeyval.sty
Package: xkeyval 2022/06/16 v2.9 package option processing (HA)
 (/usr/local/texlive/2025/texmf-dist/tex/generic/xkeyval/xkeyval.tex (/usr/local/texlive/2025/texmf-dist/tex/generic/xkeyval/xkvutils.tex
\XKV@toks=\toks34
\XKV@tempa@toks=\toks35
)
\XKV@depth=\count353
File: xkeyval.tex 2014/12/03 v2.7a key=value parser (HA)
)) (/usr/local/texlive/2025/texmf-dist/tex/latex/datetime2-bahasai/datetime2-bahasai.ldf
File: datetime2-bahasai.ldf 2018/01/10 v1.01
)) (/usr/local/texlive/2025/texmf-dist/tex/latex/biblatex-chicago/biblatex-chicago.sty
Package: biblatex-chicago 2022/07/02 v 3.18 biblatex style
 (/usr/local/texlive/2025/texmf-dist/tex/generic/xstring/xstring.sty (/usr/local/texlive/2025/texmf-dist/tex/generic/xstring/xstring.tex
\xs_counta=\count354
\xs_countb=\count355
)
Package: xstring 2023/08/22 v1.86 String manipulations (CT)
) (/usr/local/texlive/2025/texmf-dist/tex/latex/biblatex/biblatex.sty
Package: biblatex 2024/03/21 v3.20 programmable bibliographies (PK/MW)
 (/usr/local/texlive/2025/texmf-dist/tex/latex/logreq/logreq.sty
Package: logreq 2010/08/04 v1.0 xml request logger
\lrq@indent=\count356
 (/usr/local/texlive/2025/texmf-dist/tex/latex/logreq/logreq.def
File: logreq.def 2010/08/04 v1.0 logreq spec v1.0
)) (/usr/local/texlive/2025/texmf-dist/tex/latex/base/ifthen.sty
Package: ifthen 2024/03/16 v1.1e Standard LaTeX ifthen package (DPC)
)
\c@tabx@nest=\count357
\c@listtotal=\count358
\c@listcount=\count359
\c@liststart=\count360
\c@liststop=\count361
\c@citecount=\count362
\c@citetotal=\count363
\c@multicitecount=\count364
\c@multicitetotal=\count365
\c@instcount=\count366
\c@maxnames=\count367
\c@minnames=\count368
\c@maxitems=\count369
\c@minitems=\count370
\c@citecounter=\count371
\c@maxcitecounter=\count372
\c@savedcitecounter=\count373
\c@uniquelist=\count374
\c@uniquename=\count375
\c@refsection=\count376
\c@refsegment=\count377
\c@maxextratitle=\count378
\c@maxextratitleyear=\count379
\c@maxextraname=\count380
\c@maxextradate=\count381
\c@maxextraalpha=\count382
\c@abbrvpenalty=\count383
\c@highnamepenalty=\count384
\c@lownamepenalty=\count385
\c@maxparens=\count386
\c@parenlevel=\count387
\blx@tempcnta=\count388
\blx@tempcntb=\count389
\blx@tempcntc=\count390
\c@blx@maxsection=\count391
\blx@maxsegment@0=\count392
\blx@notetype=\count393
\blx@parenlevel@text=\count394
\blx@parenlevel@foot=\count395
\blx@sectionciteorder@0=\count396
\blx@sectionciteorderinternal@0=\count397
\blx@entrysetcounter=\count398
\blx@biblioinstance=\count399
\labelnumberwidth=\skip110
\labelalphawidth=\skip111
\biblabelsep=\skip112
\bibitemsep=\skip113
\bibnamesep=\skip114
\bibinitsep=\skip115
\bibparsep=\skip116
\bibhang=\skip117
\blx@bcfin=\read3
\blx@bcfout=\write3
\blx@langwohyphens=\language91
\c@mincomprange=\count400
\c@maxcomprange=\count401
\c@mincompwidth=\count402
Package biblatex Info: Trying to load biblatex default data model...
Package biblatex Info: ... file 'blx-dm.def' found.
 (/usr/local/texlive/2025/texmf-dist/tex/latex/biblatex/blx-dm.def
File: blx-dm.def 2024/03/21 v3.20 biblatex datamodel (PK/MW)
)
Package biblatex Info: Trying to load biblatex style data model...
Package biblatex Info: ... file 'chicago-authordate.dbx' not found.
Package biblatex Info: Trying to load biblatex custom data model...
Package biblatex Info: ... file 'biblatex-dm.cfg' not found.
\c@afterword=\count403
\c@savedafterword=\count404
\c@annotator=\count405
\c@savedannotator=\count406
\c@author=\count407
\c@savedauthor=\count408
\c@bookauthor=\count409
\c@savedbookauthor=\count410
\c@commentator=\count411
\c@savedcommentator=\count412
\c@editor=\count413
\c@savededitor=\count414
\c@editora=\count415
\c@savededitora=\count416
\c@editorb=\count417
\c@savededitorb=\count418
\c@editorc=\count419
\c@savededitorc=\count420
\c@foreword=\count421
\c@savedforeword=\count422
\c@holder=\count423
\c@savedholder=\count424
\c@introduction=\count425
\c@savedintroduction=\count426
\c@namea=\count427
\c@savednamea=\count428
\c@nameb=\count429
\c@savednameb=\count430
\c@namec=\count431
\c@savednamec=\count432
\c@translator=\count433
\c@savedtranslator=\count434
\c@shortauthor=\count435
\c@savedshortauthor=\count436
\c@shorteditor=\count437
\c@savedshorteditor=\count438
\c@labelname=\count439
\c@savedlabelname=\count440
\c@institution=\count441
\c@savedinstitution=\count442
\c@lista=\count443
\c@savedlista=\count444
\c@listb=\count445
\c@savedlistb=\count446
\c@listc=\count447
\c@savedlistc=\count448
\c@listd=\count449
\c@savedlistd=\count450
\c@liste=\count451
\c@savedliste=\count452
\c@listf=\count453
\c@savedlistf=\count454
\c@location=\count455
\c@savedlocation=\count456
\c@organization=\count457
\c@savedorganization=\count458
\c@origlocation=\count459
\c@savedoriglocation=\count460
\c@origpublisher=\count461
\c@savedorigpublisher=\count462
\c@publisher=\count463
\c@savedpublisher=\count464
\c@language=\count465
\c@savedlanguage=\count466
\c@origlanguage=\count467
\c@savedoriglanguage=\count468
\c@pageref=\count469
\c@savedpageref=\count470
\shorthandwidth=\skip118
\shortjournalwidth=\skip119
\shortserieswidth=\skip120
\shorttitlewidth=\skip121
\shortauthorwidth=\skip122
\shorteditorwidth=\skip123
\locallabelnumberwidth=\skip124
\locallabelalphawidth=\skip125
\localshorthandwidth=\skip126
\localshortjournalwidth=\skip127
\localshortserieswidth=\skip128
\localshorttitlewidth=\skip129
\localshortauthorwidth=\skip130
\localshorteditorwidth=\skip131
Package biblatex Info: Trying to load enhanced support for Unicode engines...
Package biblatex Info: ... file 'blx-unicode.def' found.
 (/usr/local/texlive/2025/texmf-dist/tex/latex/biblatex/blx-unicode.def)
Package biblatex Info: Trying to load compatibility code...
Package biblatex Info: ... file 'blx-compat.def' found.
 (/usr/local/texlive/2025/texmf-dist/tex/latex/biblatex/blx-compat.def
File: blx-compat.def 2024/03/21 v3.20 biblatex compatibility (PK/MW)
)
Package biblatex Info: Trying to load generic definitions...
Package biblatex Info: ... file 'biblatex.def' found.
 (/usr/local/texlive/2025/texmf-dist/tex/latex/biblatex/biblatex.def
File: biblatex.def 2024/03/21 v3.20 biblatex compatibility (PK/MW)
\c@textcitecount=\count471
\c@textcitetotal=\count472
\c@textcitemaxnames=\count473
\c@biburlbigbreakpenalty=\count474
\c@biburlbreakpenalty=\count475
\c@biburlnumpenalty=\count476
\c@biburlucpenalty=\count477
\c@biburllcpenalty=\count478
\biburlbigskip=\muskip19
\biburlnumskip=\muskip20
\biburlucskip=\muskip21
\biburllcskip=\muskip22
\c@smartand=\count479
)
Package biblatex Info: Trying to load bibliography style 'chicago-authordate'...
Package biblatex Info: ... file 'chicago-authordate.bbx' found.
 (/usr/local/texlive/2025/texmf-dist/tex/latex/biblatex-chicago/chicago-authordate.bbx
File: chicago-authordate.bbx 2022/11/17 v 3.18b biblatex bibliography style
\lositemsep=\skip132
Package biblatex Info: Delimiter 'revsdnamedelim' in context '' already defined, overwriting.
\cms@tempcnta=\count480
\cms@tempcntb=\count481
\c@bbx:relatedcount=\count482
\c@bbx:relatedtotal=\count483
)
Package biblatex Info: Trying to load citation style 'chicago-authordate'...
Package biblatex Info: ... file 'chicago-authordate.cbx' found.
 (/usr/local/texlive/2025/texmf-dist/tex/latex/biblatex-chicago/chicago-authordate.cbx
File: chicago-authordate.cbx 2022/07/02 v 3.18 biblatex citation style
Package biblatex Info: Trying to load citation style 'chicago-dates-common'...
Package biblatex Info: ... file 'chicago-dates-common.cbx' found.
 (/usr/local/texlive/2025/texmf-dist/tex/latex/biblatex-chicago/chicago-dates-common.cbx
File: chicago-dates-common.cbx 2024/04/15 v 3.20 biblatex citation style
Package biblatex Info: Redefining '\cite'.
Package biblatex Info: Redefining '\parencite'.
Package biblatex Info: Redefining '\footcite'.
Package biblatex Info: Redefining '\footcitetext'.
Package biblatex Info: Redefining '\citetitle'.
Package biblatex Info: Redefining '\footfullcite'.
Package biblatex Info: Redefining '\fullcite'.
Package biblatex Info: Redefining '\textcite'.
Package biblatex Info: Redefining '\textcites'.
Package biblatex Info: Redefining '\cites'.
Package biblatex Info: Redefining '\parencites'.
Package biblatex Info: Redefining '\footcites'.
Package biblatex Info: Redefining '\footcitetexts'.
\c@cms@punct=\count484
Package biblatex Info: Delimiter 'dateeradelim' in context '' already defined, overwriting.
))
Package biblatex Info: Trying to load configuration file...
Package biblatex Info: ... file 'biblatex.cfg' found.
 (/usr/local/texlive/2025/texmf-dist/tex/latex/biblatex/biblatex.cfg
File: biblatex.cfg 
)
Package biblatex Info: XeTeX detected.
(biblatex)             Assuming input encoding 'utf8'.
Package biblatex Info: Document encoding is UTF8 ....
Package biblatex Info: ... and expl3
(biblatex)             2025-01-18 L3 programming layer (loader) 
(biblatex)             is new enough (at least 2020/04/06),
(biblatex)             setting 'casechanger=expl3'.
 (/usr/local/texlive/2025/texmf-dist/tex/latex/biblatex/blx-case-expl3.sty
Package: blx-case-expl3 2024/03/21 v3.20 expl3 case changing code for biblatex
)))
Package hyperref Info: Option `colorlinks' set `true' on input line 161.
 (/usr/local/texlive/2025/texmf-dist/tex/latex/tools/tabularx.sty
Package: tabularx 2023/12/11 v2.12a `tabularx' package (DPC)
 (/usr/local/texlive/2025/texmf-dist/tex/latex/tools/array.sty
Package: array 2024/10/17 v2.6g Tabular extension package (FMi)
\col@sep=\dimen261
\ar@mcellbox=\box68
\extrarowheight=\dimen262
\NC@list=\toks36
\extratabsurround=\skip133
\backup@length=\skip134
\ar@cellbox=\box69
)
\TX@col@width=\dimen263
\TX@old@table=\dimen264
\TX@old@col=\dimen265
\TX@target=\dimen266
\TX@delta=\dimen267
\TX@cols=\count485
\TX@ftn=\toks37
) (/usr/local/texlive/2025/texmf-dist/tex/latex/ragged2e/ragged2e.sty
Package: ragged2e 2023/06/22 v3.6 ragged2e Package
\CenteringLeftskip=\skip135
\RaggedLeftLeftskip=\skip136
\RaggedRightLeftskip=\skip137
\CenteringRightskip=\skip138
\RaggedLeftRightskip=\skip139
\RaggedRightRightskip=\skip140
\CenteringParfillskip=\skip141
\RaggedLeftParfillskip=\skip142
\RaggedRightParfillskip=\skip143
\JustifyingParfillskip=\skip144
\CenteringParindent=\skip145
\RaggedLeftParindent=\skip146
\RaggedRightParindent=\skip147
\JustifyingParindent=\skip148
)
Package csquotes Info: Checking for multilingual support...
Package csquotes Info: ... found 'babel' package.
Package csquotes Info: Adjusting default style.


Package csquotes Warning: No style for language 'indonesian'.
(csquotes)                Using fallback style on input line 209.

Package csquotes Info: Redefining alias 'default' -> 'fallback'.
(./ProposalTA.aux (/usr/local/texlive/2025/texmf-dist/tex/generic/babel/locale/en/babel-english.tex)
Package babel Info: Importing data for english
(babel)             from babel-en.ini. Reported on input line 28.
)
\openout1 = `ProposalTA.aux'.

LaTeX Font Info:    Checking defaults for OML/cmm/m/it on input line 209.
LaTeX Font Info:    ... okay on input line 209.
LaTeX Font Info:    Checking defaults for OMS/cmsy/m/n on input line 209.
LaTeX Font Info:    ... okay on input line 209.
LaTeX Font Info:    Checking defaults for OT1/cmr/m/n on input line 209.
LaTeX Font Info:    ... okay on input line 209.
LaTeX Font Info:    Checking defaults for T1/cmr/m/n on input line 209.
LaTeX Font Info:    ... okay on input line 209.
LaTeX Font Info:    Checking defaults for TS1/cmr/m/n on input line 209.
LaTeX Font Info:    ... okay on input line 209.
LaTeX Font Info:    Checking defaults for TU/lmr/m/n on input line 209.
LaTeX Font Info:    ... okay on input line 209.
LaTeX Font Info:    Checking defaults for OMX/cmex/m/n on input line 209.
LaTeX Font Info:    ... okay on input line 209.
LaTeX Font Info:    Checking defaults for U/cmr/m/n on input line 209.
LaTeX Font Info:    ... okay on input line 209.
LaTeX Font Info:    Checking defaults for PD1/pdf/m/n on input line 209.
LaTeX Font Info:    ... okay on input line 209.
LaTeX Font Info:    Checking defaults for PU/pdf/m/n on input line 209.
LaTeX Font Info:    ... okay on input line 209.

Package fontspec Info: 
(fontspec)             Adjusting the maths setup (use [no-math] to avoid
(fontspec)             this).

\symlegacymaths=\mathgroup6
LaTeX Font Info:    Overwriting symbol font `legacymaths' in version `bold'
(Font)                  OT1/cmr/m/n --> OT1/cmr/bx/n on input line 209.
LaTeX Font Info:    Redeclaring math accent \acute on input line 209.
LaTeX Font Info:    Redeclaring math accent \grave on input line 209.
LaTeX Font Info:    Redeclaring math accent \ddot on input line 209.
LaTeX Font Info:    Redeclaring math accent \tilde on input line 209.
LaTeX Font Info:    Redeclaring math accent \bar on input line 209.
LaTeX Font Info:    Redeclaring math accent \breve on input line 209.
LaTeX Font Info:    Redeclaring math accent \check on input line 209.
LaTeX Font Info:    Redeclaring math accent \hat on input line 209.
LaTeX Font Info:    Redeclaring math accent \dot on input line 209.
LaTeX Font Info:    Redeclaring math accent \mathring on input line 209.
LaTeX Font Info:    Redeclaring math symbol \Gamma on input line 209.
LaTeX Font Info:    Redeclaring math symbol \Delta on input line 209.
LaTeX Font Info:    Redeclaring math symbol \Theta on input line 209.
LaTeX Font Info:    Redeclaring math symbol \Lambda on input line 209.
LaTeX Font Info:    Redeclaring math symbol \Xi on input line 209.
LaTeX Font Info:    Redeclaring math symbol \Pi on input line 209.
LaTeX Font Info:    Redeclaring math symbol \Sigma on input line 209.
LaTeX Font Info:    Redeclaring math symbol \Upsilon on input line 209.
LaTeX Font Info:    Redeclaring math symbol \Phi on input line 209.
LaTeX Font Info:    Redeclaring math symbol \Psi on input line 209.
LaTeX Font Info:    Redeclaring math symbol \Omega on input line 209.
LaTeX Font Info:    Redeclaring math symbol \mathdollar on input line 209.
LaTeX Font Info:    Redeclaring symbol font `operators' on input line 209.
LaTeX Font Info:    Encoding `OT1' has changed to `TU' for symbol font
(Font)              `operators' in the math version `normal' on input line 209.
LaTeX Font Info:    Overwriting symbol font `operators' in version `normal'
(Font)                  OT1/cmr/m/n --> TU/TimesNewRoman(0)/m/n on input line 209.
LaTeX Font Info:    Encoding `OT1' has changed to `TU' for symbol font
(Font)              `operators' in the math version `bold' on input line 209.
LaTeX Font Info:    Overwriting symbol font `operators' in version `bold'
(Font)                  OT1/cmr/bx/n --> TU/TimesNewRoman(0)/m/n on input line 209.
LaTeX Font Info:    Overwriting symbol font `operators' in version `normal'
(Font)                  TU/TimesNewRoman(0)/m/n --> TU/TimesNewRoman(0)/m/n on input line 209.
LaTeX Font Info:    Overwriting math alphabet `\mathit' in version `normal'
(Font)                  OT1/cmr/m/it --> TU/TimesNewRoman(0)/m/it on input line 209.
LaTeX Font Info:    Overwriting math alphabet `\mathbf' in version `normal'
(Font)                  OT1/cmr/bx/n --> TU/TimesNewRoman(0)/b/n on input line 209.
LaTeX Font Info:    Overwriting math alphabet `\mathsf' in version `normal'
(Font)                  OT1/cmss/m/n --> TU/lmss/m/n on input line 209.
LaTeX Font Info:    Overwriting math alphabet `\mathtt' in version `normal'
(Font)                  OT1/cmtt/m/n --> TU/lmtt/m/n on input line 209.
LaTeX Font Info:    Overwriting symbol font `operators' in version `bold'
(Font)                  TU/TimesNewRoman(0)/m/n --> TU/TimesNewRoman(0)/b/n on input line 209.
LaTeX Font Info:    Overwriting math alphabet `\mathit' in version `bold'
(Font)                  OT1/cmr/bx/it --> TU/TimesNewRoman(0)/b/it on input line 209.
LaTeX Font Info:    Overwriting math alphabet `\mathsf' in version `bold'
(Font)                  OT1/cmss/bx/n --> TU/lmss/b/n on input line 209.
LaTeX Font Info:    Overwriting math alphabet `\mathtt' in version `bold'
(Font)                  OT1/cmtt/m/n --> TU/lmtt/b/n on input line 209.

*geometry* driver: auto-detecting
*geometry* detected driver: xetex
*geometry* verbose mode - [ preamble ] result:
* driver: xetex
* paper: a4paper
* layout: <same size as paper>
* layoutoffset:(h,v)=(0.0pt,0.0pt)
* modes: 
* h-part:(L,W,R)=(113.81102pt, 398.3386pt, 85.35826pt)
* v-part:(T,H,B)=(85.35826pt, 674.33032pt, 85.35826pt)
* \paperwidth=597.50787pt
* \paperheight=845.04684pt
* \textwidth=398.3386pt
* \textheight=674.33032pt
* \oddsidemargin=41.54103pt
* \evensidemargin=41.54103pt
* \topmargin=-18.78552pt
* \headheight=12.0pt
* \headsep=19.8738pt
* \topskip=12.0pt
* \footskip=30.0pt
* \marginparwidth=38.0pt
* \marginparsep=7.0pt
* \columnsep=10.0pt
* \skip\footins=10.8pt plus 4.0pt minus 2.0pt
* \hoffset=0.0pt
* \voffset=0.0pt
* \mag=1000
* \@twocolumnfalse
* \@twosidefalse
* \@mparswitchfalse
* \@reversemarginfalse
* (1in=72.27pt=25.4mm, 1cm=28.453pt)

Package caption Info: Begin \AtBeginDocument code.
Package caption Info: float package is loaded.
Package caption Info: floatrow package is loaded.
Package caption Info: floatrow package is loaded.
Package caption Info: hyperref package is loaded.
Package caption Info: listings package is loaded.
Package caption Info: longtable package is loaded.
(/usr/local/texlive/2025/texmf-dist/tex/latex/caption/ltcaption.sty
Package: ltcaption 2021/01/08 v1.4c longtable captions (AR)
)
Package caption Info: Fixing longtable code of `floatrow' package.
Package caption Info: End \AtBeginDocument code.
 (/usr/local/texlive/2025/texmf-dist/tex/latex/graphics/color.sty
Package: color 2024/06/23 v1.3e Standard LaTeX Color (DPC)
 (/usr/local/texlive/2025/texmf-dist/tex/latex/graphics-cfg/color.cfg
File: color.cfg 2016/01/02 v1.6 sample color configuration
)
Package color Info: Driver file: xetex.def on input line 149.
 (/usr/local/texlive/2025/texmf-dist/tex/latex/graphics/mathcolor.ltx))
Package hyperref Info: Link coloring ON on input line 209.
 (./ProposalTA.out) (./ProposalTA.out)
\@outlinefile=\write4
\openout4 = `ProposalTA.out'.

 (/usr/local/texlive/2025/texmf-dist/tex/latex/floatrow/fr-longtable.sty
Package: fr-longtable 2007/11/28 v0.1b (beta) floatrow: additions for longtable
\flrow@LT@lasthead=\box70
\flrow@LT@prelastfoot=\box71
\c@FBLTpage=\count486
)
\c@lstlisting=\count487
Package biblatex Info: Trying to load language 'indonesian'...
Package biblatex Info: ... file 'indonesian.lbx' not found.


Package biblatex Warning: Language 'indonesian' not supported.
(biblatex)                Using dummy definitions on input line 209.

Package biblatex Info: Trying to load language 'english'...
Package biblatex Info: ... file 'english.lbx' found.
(/usr/local/texlive/2025/texmf-dist/tex/latex/biblatex/lbx/english.lbx
File: english.lbx 2024/03/21 v3.20 biblatex localization (PK/MW)
)
Package biblatex Info: XeTeX detected.
(biblatex)             Assuming input encoding 'utf8'.
Package biblatex Info: Automatic encoding selection.
(biblatex)             Assuming data encoding 'utf8'.
\openout3 = `ProposalTA.bcf'.

Package biblatex Info: Trying to load bibliographic data...
Package biblatex Info: ... file 'ProposalTA.bbl' found.
 (./ProposalTA.bbl)
Package biblatex Info: Reference section=0 on input line 209.
Package biblatex Info: Reference segment=0 on input line 209.
File: image/ganesha.jpg Graphic file (type bmp)
<image/ganesha.jpg>


Package datetime2 Warning: Region `bahasai' has ignored 
(datetime2)                the following settings:
(datetime2)                showmonthname=true
 on input line 250.



[1


]

[1] (./ProposalTA.toc
LaTeX Font Info:    Trying to load font information for U+msa on input line 2.
 (/usr/local/texlive/2025/texmf-dist/tex/latex/amsfonts/umsa.fd
File: umsa.fd 2013/01/14 v3.01 AMS symbols A
)
LaTeX Font Info:    Trying to load font information for U+msb on input line 2.
 (/usr/local/texlive/2025/texmf-dist/tex/latex/amsfonts/umsb.fd
File: umsb.fd 2013/01/14 v3.01 AMS symbols B
)

[2

]

[3])
\tf@toc=\write5
\openout5 = `ProposalTA.toc'.



[4] (./ProposalTA.lof)
\tf@lof=\write6
\openout6 = `ProposalTA.lof'.



[5] (./ProposalTA.lot)
\tf@lot=\write7
\openout7 = `ProposalTA.lot'.



[6] (./ProposalTA.lol)
\tf@lol=\write8
\openout8 = `ProposalTA.lol'.



Package hyperref Warning: Token not allowed in a PDF string (Unicode):
(hyperref)                removing `\<let>-command' on input line 363.


Package hyperref Warning: Token not allowed in a PDF string (Unicode):
(hyperref)                removing `\\' on input line 363.


Package hyperref Warning: Token not allowed in a PDF string (Unicode):
(hyperref)                removing `\@centercr' on input line 363.


Package hyperref Warning: Token not allowed in a PDF string (Unicode):
(hyperref)                removing `\rightskip' on input line 363.


Package hyperref Warning: Token not allowed in a PDF string (Unicode):
(hyperref)                removing `\@flushglue' on input line 363.


Package hyperref Warning: Token not allowed in a PDF string (Unicode):
(hyperref)                removing `\leftskip' on input line 363.


Package hyperref Warning: Token not allowed in a PDF string (Unicode):
(hyperref)                removing `\@flushglue' on input line 363.


Package hyperref Warning: Token not allowed in a PDF string (Unicode):
(hyperref)                removing `\finalhyphendemerits' on input line 363.


Package hyperref Warning: Token not allowed in a PDF string (Unicode):
(hyperref)                removing `\z@' on input line 363.


Package hyperref Warning: Token not allowed in a PDF string (Unicode):
(hyperref)                removing `\parindent' on input line 363.


Package hyperref Warning: Token not allowed in a PDF string (Unicode):
(hyperref)                removing `\z@' on input line 363.


Package hyperref Warning: Token not allowed in a PDF string (Unicode):
(hyperref)                removing `\parfillskip' on input line 363.


Package hyperref Warning: Token not allowed in a PDF string (Unicode):
(hyperref)                removing `\z@skip' on input line 363.



[7

] (./Bab I - Pendahuluan.tex
Bab I.

Package biblatex Warning: Month out of range or not an integer
(biblatex)                at entry 'Intimedia2024' on input line 11.



[1


]

[2]

[3]
Overfull \hbox (3.13211pt too wide) in paragraph at lines 57--58
[]\TU/TimesNewRoman(0)/m/n/12 Merancang arsitektur sistem \TU/TimesNewRoman(0)/m/it/12 Business Intelligence \TU/TimesNewRoman(0)/m/n/12 berbasis \TU/TimesNewRoman(0)/m/it/12 chatbot \TU/TimesNewRoman(0)/m/n/12 yang mam-
 []



[4]

[5]
File: image/CRISP-DM.jpg Graphic file (type bmp)
<image/CRISP-DM.jpg>


[6]
Overfull \hbox (2.76767pt too wide) in paragraph at lines 134--135
[]\TU/TimesNewRoman(0)/b/n/12 Sintesis literatur \TU/TimesNewRoman(0)/m/n/12 untuk membangun kerangka teoretis, mengidentifikasi prak-
 []



[7]
Overfull \hbox (6.39462pt too wide) in paragraph at lines 154--155
[]\TU/TimesNewRoman(0)/b/n/12 Perancangan antarmuka pengguna\TU/TimesNewRoman(0)/m/n/12 , meliputi pembuatan \TU/TimesNewRoman(0)/m/it/12 wireframe \TU/TimesNewRoman(0)/m/n/12 dan \TU/TimesNewRoman(0)/m/it/12 moc-
 []



[8]

[9]) (./Bab II - Studi-Literatur.tex

[10]
Bab II.


[11

]

Package biblatex-chicago Warning: Empty Ibidem citation on input line 25.


Package biblatex-chicago Warning: Empty Ibidem citation on input line 27.



[12]
Overfull \hbox (2.23953pt too wide) in paragraph at lines 37--38
\TU/TimesNewRoman(0)/m/n/12 Lapisan semantik memiliki lima komponen inti yang bertindak sebagai fondasi struk-
 []



[13]
File: image/pbi.png Graphic file (type bmp)
<image/pbi.png>


[14]

[15]
Overfull \hbox (4.44656pt too wide) in paragraph at lines 90--91
\TU/TimesNewRoman(0)/m/n/12 Model klasifikasi \TU/TimesNewRoman(0)/m/it/12 intent \TU/TimesNewRoman(0)/m/n/12 dievaluasi menggunakan beberapa metrik standar yang mem-
 []



[16]

[17]
File: image/nlg.png Graphic file (type bmp)
<image/nlg.png>


[18]

[19]
Overfull \hbox (1.95503pt too wide) in paragraph at lines 173--174
\TU/TimesNewRoman(0)/m/n/12 berlapis ([][][]IT Convergence [][]2024[][][][]). Strategi pertama adalah enkripsi data dengan meng-
 []



[20]

[21]

Package biblatex-chicago Warning: Empty Ibidem citation on input line 201.

File: image/timeseries.png Graphic file (type bmp)
<image/timeseries.png>


[22]

[23]
Overfull \hbox (6.56207pt too wide) in paragraph at lines 244--245
\TU/TimesNewRoman(0)/m/n/12 bagai SARIMA$\OT1/cmr/m/n/12 (\OML/cmm/m/it/12 p; d; q\OT1/cmr/m/n/12 )(\OML/cmm/m/it/12 P; D; Q; m\OT1/cmr/m/n/12 )$\TU/TimesNewRoman(0)/m/n/12 , dengan $\OT1/cmr/m/n/12 (\OML/cmm/m/it/12 p; d; q\OT1/cmr/m/n/12 )$ \TU/TimesNewRoman(0)/m/n/12 adalah parameter non-musiman
 []



[24]

[25]

Package biblatex-chicago Warning: Empty Ibidem citation on input line 283.


Overfull \hbox (9.89578pt too wide) in paragraph at lines 283--284
[]\TU/TimesNewRoman(0)/m/n/12 Perbandingan ketiga model untuk prediksi profit menunjukkan akurasi sebesar 93,84%
 []


Overfull \hbox (11.84285pt too wide) in paragraph at lines 283--284
\TU/TimesNewRoman(0)/m/n/12 untuk ARIMA, 94,378% untuk SARIMA, dan 97,01% untuk LSTM ([][][]Sirisha, Belavagi,
 []



[26]
Underfull \hbox (badness 10000) in paragraph at lines 306--307
[]|\TU/TimesNewRoman(0)/b/n/10.95 MAPE Ti-
 []


Underfull \hbox (badness 5681) in paragraph at lines 315--316
[]|\TU/TimesNewRoman(0)/m/n/10.95 – Sulit menangkap pola
 []


Underfull \hbox (badness 2134) in paragraph at lines 335--336
[]|\TU/TimesNewRoman(0)/m/n/10.95 – Menangkap dependensi
 []


Underfull \hbox (badness 2261) in paragraph at lines 337--338
[]\TU/TimesNewRoman(0)/m/n/10.95 – Baik untuk pola kom-
 []



[27]
Overfull \hbox (12.85672pt too wide) in paragraph at lines 360--361
\TU/TimesNewRoman(0)/m/n/12 Model peramalan deret waktu dievaluasi menggunakan tiga metrik utama yang masing-
 []


Overfull \hbox (2.16432pt too wide) in paragraph at lines 366--367
[]\TU/TimesNewRoman(0)/m/n/12 MAE memberikan ukuran rata-rata kesalahan absolut tanpa mempertimbangkan arah
 []



[28]

[29]

[30]

Package biblatex-chicago Warning: Empty Ibidem citation on input line 418.



[31]

[32]

[33]

[34]

Package biblatex-chicago Warning: Empty Ibidem citation on input line 470.


Overfull \hbox (1.58133pt too wide) in paragraph at lines 474--475
\TU/TimesNewRoman(0)/m/n/12 mungkinkan pengguna internal untuk dengan mudah mengakses analisis risiko \TU/TimesNewRoman(0)/m/it/12 churn
 []

) (./Bab III - Analisis-Masalah.tex

[35]
Bab III.

Overfull \hbox (10.18875pt too wide) in paragraph at lines 37--38
\TU/TimesNewRoman(0)/m/n/12 Masing-masing tahapan dijelaskan lebih lanjut dalam bab ini beserta kegiatan-kegiatan
 []


Overfull \hbox (2.08017pt too wide) in paragraph at lines 37--38
\TU/TimesNewRoman(0)/m/n/12 yang dilakukan pada setiap fase, untuk menunjukkan bagaimana sistem dikembangk-
 []



[36

]

[37]

[38]

[39]
Overfull \hbox (0.21024pt too wide) in paragraph at lines 111--112
[]\TU/TimesNewRoman(0)/m/n/12 Dasbor \TU/TimesNewRoman(0)/m/it/12 business intelligence \TU/TimesNewRoman(0)/m/n/12 yang tersedia sering kali dirancang dengan asum-
 []



[40]
Overfull \hbox (3.45673pt too wide) in alignment at lines 126--132
 [] [] [] 
 []


Overfull \hbox (3.45673pt too wide) in alignment at lines 132--139
 [] [] [] 
 []


Overfull \hbox (3.45673pt too wide) in alignment at lines 139--143
 [] [] [] 
 []


Overfull \hbox (3.45673pt too wide) in alignment at lines 143--146
 [] [] [] 
 []


Underfull \hbox (badness 10000) in paragraph at lines 148--148
[]|\TU/TimesNewRoman(0)/m/n/12 Penerimaan Pertanyaan
 []


Underfull \hbox (badness 10000) in paragraph at lines 149--150
[]|\TU/TimesNewRoman(0)/b/n/12 Tujuan\TU/TimesNewRoman(0)/m/n/12 : Memungkinkan pengguna
 []


Underfull \hbox (badness 5316) in paragraph at lines 149--150
\TU/TimesNewRoman(0)/m/n/12 analisis dalam bahasa Indonesia atau
 []


Underfull \hbox (badness 10000) in paragraph at lines 154--154
[]|\TU/TimesNewRoman(0)/m/n/12 Klasifikasi Maksud dan
 []


Underfull \hbox (badness 2469) in paragraph at lines 160--160
[]|\TU/TimesNewRoman(0)/m/n/12 Pengalihan Kueri Berda-
 []


Underfull \hbox (badness 1540) in paragraph at lines 173--174
[]|\TU/TimesNewRoman(0)/b/n/12 Tujuan\TU/TimesNewRoman(0)/m/n/12 : Menghasilkan respons dalam
 []


Underfull \hbox (badness 4832) in paragraph at lines 178--178
\TU/TimesNewRoman(0)/m/n/12 ta dan Analisis Perban-
 []


Underfull \hbox (badness 1418) in paragraph at lines 204--205
[]|\TU/TimesNewRoman(0)/b/n/12 Masukan\TU/TimesNewRoman(0)/m/n/12 : Interaksi pengguna dengan
 []


Underfull \hbox (badness 1348) in paragraph at lines 209--210
[]|\TU/TimesNewRoman(0)/b/n/12 Tujuan\TU/TimesNewRoman(0)/m/n/12 : Memastikan hanya pengguna
 []


Underfull \hbox (badness 3271) in paragraph at lines 211--212
[]|\TU/TimesNewRoman(0)/b/n/12 Keluaran\TU/TimesNewRoman(0)/m/n/12 : Akses sistem berdasarkan
 []


Underfull \hbox (badness 5563) in paragraph at lines 214--214
[]|\TU/TimesNewRoman(0)/m/n/12 Mekanisme Pengunduran
 []


Overfull \hbox (3.45673pt too wide) in alignment at lines 146--220
 [] [] [] 
 []



[41] [42] [43] [44]
Overfull \hbox (3.45673pt too wide) in alignment at lines 230--236
 [] [] [] 
 []


Overfull \hbox (3.45673pt too wide) in alignment at lines 236--243
 [] [] [] 
 []


Overfull \hbox (3.45673pt too wide) in alignment at lines 243--247
 [] [] [] 
 []


Overfull \hbox (3.45673pt too wide) in alignment at lines 247--250
 [] [] [] 
 []


Underfull \hbox (badness 1852) in paragraph at lines 264--265
\TU/TimesNewRoman(0)/m/n/12 dah digunakan oleh pengguna nontek-
 []


Underfull \hbox (badness 1067) in paragraph at lines 267--268
[]|\TU/TimesNewRoman(0)/m/n/12 Sistem harus mudah dipelihara dengan
 []


Underfull \hbox (badness 1215) in paragraph at lines 267--268
\TU/TimesNewRoman(0)/m/n/12 dokumentasi kode, antarmuka program
 []


Underfull \hbox (badness 3281) in paragraph at lines 276--277
[]|\TU/TimesNewRoman(0)/m/n/12 Sistem harus memastikan bahwa data
 []


Underfull \hbox (badness 1629) in paragraph at lines 279--280
\TU/TimesNewRoman(0)/m/n/12 mungkinkan penambahan fitur baru di
 []


Overfull \hbox (3.45673pt too wide) in alignment at lines 250--282
 [] [] [] 
 []



[45] [46] [47] [48]

[49]
Overfull \hbox (0.88016pt too wide) in paragraph at lines 296--297
\TU/TimesNewRoman(0)/m/n/12 Dalam rangka meningkatkan efisiensi analisis dan prediksi kinerja bisnis serta meng-
 []


Underfull \hbox (badness 10000) in paragraph at lines 304--304
[]|\TU/TimesNewRoman(0)/b/n/12 Nama
 []


Overfull \hbox (1.66588pt too wide) in alignment at lines 300--306
 [] [] [] [] [] 
 []


Underfull \hbox (badness 10000) in paragraph at lines 311--311
[]|\TU/TimesNewRoman(0)/b/n/12 Nama
 []


Overfull \hbox (1.66588pt too wide) in alignment at lines 306--313
 [] [] [] [] [] 
 []


Overfull \hbox (1.66588pt too wide) in alignment at lines 313--317
 [] [] [] [] [] 
 []


Overfull \hbox (1.66588pt too wide) in alignment at lines 317--320
 [] [] [] [] [] 
 []


Underfull \hbox (badness 10000) in paragraph at lines 323--323
[]|\TU/TimesNewRoman(0)/m/it/12 Chatbot
 []


Underfull \hbox (badness 10000) in paragraph at lines 323--323
\TU/TimesNewRoman(0)/m/n/12 Berbasis
 []


Underfull \hbox (badness 10000) in paragraph at lines 323--323
\TU/TimesNewRoman(0)/m/n/12 Aturan
 []


Underfull \hbox (badness 10000) in paragraph at lines 324--324
[]|\TU/TimesNewRoman(0)/m/n/12 Menggunakan
 []


Underfull \hbox (badness 10000) in paragraph at lines 324--324
\TU/TimesNewRoman(0)/m/n/12 cocokan pola yang
 []


Underfull \hbox (badness 4739) in paragraph at lines 324--324
\TU/TimesNewRoman(0)/m/n/12 sangat kaku, hanya
 []


Underfull \hbox (badness 10000) in paragraph at lines 324--324
\TU/TimesNewRoman(0)/m/n/12 merespons pola
 []


Underfull \hbox (badness 10000) in paragraph at lines 324--324
\TU/TimesNewRoman(0)/m/n/12 kalimat yang telah
 []


Underfull \hbox (badness 7081) in paragraph at lines 324--324
\TU/TimesNewRoman(0)/m/n/12 ditentukan sebelum-
 []


Underfull \hbox (badness 1622) in paragraph at lines 324--324
\TU/TimesNewRoman(0)/m/n/12 nya. Sistem hanya
 []


Underfull \hbox (badness 10000) in paragraph at lines 324--324
\TU/TimesNewRoman(0)/m/n/12 dapat menangani
 []


Underfull \hbox (badness 10000) in paragraph at lines 324--324
\TU/TimesNewRoman(0)/m/n/12 kueri terstruktur
 []


Underfull \hbox (badness 10000) in paragraph at lines 324--324
\TU/TimesNewRoman(0)/m/n/12 dengan format te-
 []


Underfull \hbox (badness 10000) in paragraph at lines 324--324
\TU/TimesNewRoman(0)/m/n/12 tap, tidak mampu
 []


Underfull \hbox (badness 10000) in paragraph at lines 324--324
\TU/TimesNewRoman(0)/m/n/12 memahami variasi
 []


Underfull \hbox (badness 10000) in paragraph at lines 324--324
\TU/TimesNewRoman(0)/m/n/12 bahasa wajar yang
 []


Underfull \hbox (badness 10000) in paragraph at lines 324--324
\TU/TimesNewRoman(0)/m/n/12 model peramalan,
 []


Underfull \hbox (badness 10000) in paragraph at lines 324--324
\TU/TimesNewRoman(0)/m/n/12 hanya pengambilan
 []


Underfull \hbox (badness 10000) in paragraph at lines 327--328
[]\TU/TimesNewRoman(0)/m/n/12 Implementasi
 []


Underfull \hbox (badness 10000) in paragraph at lines 327--328
\TU/TimesNewRoman(0)/m/n/12 cepat dan
 []


Underfull \hbox (badness 10000) in paragraph at lines 328--329
[]\TU/TimesNewRoman(0)/m/n/12 Mudah di-
 []


Underfull \hbox (badness 10000) in paragraph at lines 328--329
\TU/TimesNewRoman(0)/m/n/12 pelihara
 []


Underfull \hbox (badness 7415) in paragraph at lines 328--329
\TU/TimesNewRoman(0)/m/n/12 untuk aturan
 []


Underfull \hbox (badness 10000) in paragraph at lines 329--330
[]\TU/TimesNewRoman(0)/m/n/12 Tidak me-
 []


Underfull \hbox (badness 10000) in paragraph at lines 329--330
\TU/TimesNewRoman(0)/m/n/12 merlukan
 []


Underfull \hbox (badness 10000) in paragraph at lines 329--330
\TU/TimesNewRoman(0)/m/n/12 infrastruktur
 []


Underfull \hbox (badness 10000) in paragraph at lines 330--331
[]\TU/TimesNewRoman(0)/m/n/12 Kontrol
 []


Underfull \hbox (badness 10000) in paragraph at lines 330--331
\TU/TimesNewRoman(0)/m/n/12 penuh atas
 []


Underfull \hbox (badness 10000) in paragraph at lines 330--331
\TU/TimesNewRoman(0)/m/n/12 respons
 []


Underfull \hbox (badness 10000) in paragraph at lines 334--335
[]\TU/TimesNewRoman(0)/m/n/12 Tidak dapat
 []


Underfull \hbox (badness 10000) in paragraph at lines 334--335
\TU/TimesNewRoman(0)/m/n/12 kebutuhan BI
 []


Underfull \hbox (badness 10000) in paragraph at lines 335--336
[]\TU/TimesNewRoman(0)/m/n/12 Pengguna
 []


Underfull \hbox (badness 10000) in paragraph at lines 335--336
\TU/TimesNewRoman(0)/m/n/12 harus menye-
 []


Underfull \hbox (badness 10000) in paragraph at lines 336--337
[]\TU/TimesNewRoman(0)/m/n/12 Tidak mampu
 []


Underfull \hbox (badness 10000) in paragraph at lines 336--337
\TU/TimesNewRoman(0)/m/n/12 menjawab
 []


Underfull \hbox (badness 3281) in paragraph at lines 337--338
[]\TU/TimesNewRoman(0)/m/n/12 Tidak ada ke-
 []


Underfull \hbox (badness 4967) in paragraph at lines 337--338
\TU/TimesNewRoman(0)/m/n/12 mampuan pre-
 []


Underfull \hbox (badness 10000) in paragraph at lines 338--339
[]\TU/TimesNewRoman(0)/m/n/12 Pengalaman
 []


Underfull \hbox (badness 10000) in paragraph at lines 338--339
\TU/TimesNewRoman(0)/m/n/12 pengguna
 []


Underfull \hbox (badness 10000) in paragraph at lines 343--343
[]|\TU/TimesNewRoman(0)/m/it/12 Chatbot
 []


Underfull \hbox (badness 10000) in paragraph at lines 343--343
\TU/TimesNewRoman(0)/m/n/12 BI dengan
 []


Underfull \hbox (badness 10000) in paragraph at lines 343--343
\TU/TimesNewRoman(0)/m/n/12 Klasifikasi
 []


Underfull \hbox (badness 10000) in paragraph at lines 343--343
\TU/TimesNewRoman(0)/m/n/12 Maksud
 []


Underfull \hbox (badness 10000) in paragraph at lines 343--343
\TU/TimesNewRoman(0)/m/n/12 Berbasis
 []


Underfull \hbox (badness 1152) in paragraph at lines 343--343
\TU/TimesNewRoman(0)/m/n/12 Pola, Pem-
 []


Underfull \hbox (badness 10000) in paragraph at lines 343--343
\TU/TimesNewRoman(0)/m/n/12 bangkitan
 []


Underfull \hbox (badness 10000) in paragraph at lines 343--343
\TU/TimesNewRoman(0)/m/n/12 Bahasa
 []


Underfull \hbox (badness 10000) in paragraph at lines 343--343
\TU/TimesNewRoman(0)/m/n/12 Alami
 []


Underfull \hbox (badness 10000) in paragraph at lines 343--343
\TU/TimesNewRoman(0)/m/n/12 Berbasis
 []


Underfull \hbox (badness 10000) in paragraph at lines 343--343
\TU/TimesNewRoman(0)/m/n/12 Templat,
 []


Underfull \hbox (badness 10000) in paragraph at lines 343--343
\TU/TimesNewRoman(0)/m/n/12 dan Per-
 []


Underfull \hbox (badness 10000) in paragraph at lines 343--343
\TU/TimesNewRoman(0)/m/n/12 amalan
 []


Underfull \hbox (badness 10000) in paragraph at lines 343--343
\TU/TimesNewRoman(0)/m/n/12 Deret
 []


Overfull \hbox (6.12224pt too wide) in paragraph at lines 344--344
[]|\TU/TimesNewRoman(0)/m/n/12 Mengimplementasikan
 []


Underfull \hbox (badness 10000) in paragraph at lines 344--344
\TU/TimesNewRoman(0)/m/n/12 sistem BI \TU/TimesNewRoman(0)/m/it/12 chatbot
 []


Underfull \hbox (badness 10000) in paragraph at lines 344--344
\TU/TimesNewRoman(0)/m/n/12 yang terintegrasi
 []


Underfull \hbox (badness 10000) in paragraph at lines 344--344
\TU/TimesNewRoman(0)/m/n/12 dengan tiga kom-
 []


Underfull \hbox (badness 10000) in paragraph at lines 344--344
\TU/TimesNewRoman(0)/m/n/12 ponen: klasifikasi
 []


Underfull \hbox (badness 10000) in paragraph at lines 344--344
\TU/TimesNewRoman(0)/m/n/12 dengan pemberian
 []


Underfull \hbox (badness 10000) in paragraph at lines 344--344
\TU/TimesNewRoman(0)/m/n/12 nilai keyakinan,
 []


Underfull \hbox (badness 3568) in paragraph at lines 344--344
\TU/TimesNewRoman(0)/m/n/12 alami berbasis tem-
 []


Underfull \hbox (badness 10000) in paragraph at lines 344--344
\TU/TimesNewRoman(0)/m/n/12 plat untuk respons
 []


Underfull \hbox (badness 10000) in paragraph at lines 344--344
\TU/TimesNewRoman(0)/m/n/12 aman, dan model
 []


Underfull \hbox (badness 10000) in paragraph at lines 344--344
\TU/TimesNewRoman(0)/m/n/12 peramalan deret
 []


Underfull \hbox (badness 10000) in paragraph at lines 347--348
[]\TU/TimesNewRoman(0)/m/n/12 Mampu
 []


Underfull \hbox (badness 10000) in paragraph at lines 347--348
\TU/TimesNewRoman(0)/m/n/12 menangani
 []


Underfull \hbox (badness 10000) in paragraph at lines 347--348
\TU/TimesNewRoman(0)/m/n/12 variasi ba-
 []


Underfull \hbox (badness 10000) in paragraph at lines 347--348
\TU/TimesNewRoman(0)/m/n/12 hasa wajar
 []


Underfull \hbox (badness 1715) in paragraph at lines 348--349
[]\TU/TimesNewRoman(0)/m/n/12 Respons ber-
 []


Underfull \hbox (badness 10000) in paragraph at lines 349--350
[]\TU/TimesNewRoman(0)/m/n/12 Dukungan
 []


Underfull \hbox (badness 10000) in paragraph at lines 349--350
\TU/TimesNewRoman(0)/m/n/12 peramalan
 []


Underfull \hbox (badness 10000) in paragraph at lines 350--351
[]\TU/TimesNewRoman(0)/m/n/12 Adaptif
 []


Underfull \hbox (badness 10000) in paragraph at lines 350--351
\TU/TimesNewRoman(0)/m/n/12 terhadap
 []


Underfull \hbox (badness 10000) in paragraph at lines 350--351
\TU/TimesNewRoman(0)/m/n/12 kebutuhan
 []


Underfull \hbox (badness 10000) in paragraph at lines 351--352
[]\TU/TimesNewRoman(0)/m/n/12 Pengalaman
 []


Underfull \hbox (badness 10000) in paragraph at lines 351--352
\TU/TimesNewRoman(0)/m/n/12 pengguna
 []


Underfull \hbox (badness 10000) in paragraph at lines 352--353
[]\TU/TimesNewRoman(0)/m/n/12 Keamanan
 []


Underfull \hbox (badness 10000) in paragraph at lines 352--353
\TU/TimesNewRoman(0)/m/n/12 terjaga de-
 []


Underfull \hbox (badness 10000) in paragraph at lines 353--354
[]\TU/TimesNewRoman(0)/m/n/12 Dapat diper-
 []


Underfull \hbox (badness 10000) in paragraph at lines 353--354
\TU/TimesNewRoman(0)/m/n/12 luas secara
 []


Underfull \hbox (badness 10000) in paragraph at lines 357--358
[]\TU/TimesNewRoman(0)/m/n/12 Kompleksitas
 []


Underfull \hbox (badness 10000) in paragraph at lines 357--358
\TU/TimesNewRoman(0)/m/n/12 implementasi
 []


Underfull \hbox (badness 10000) in paragraph at lines 358--359
[]\TU/TimesNewRoman(0)/m/n/12 Memerlukan
 []


Underfull \hbox (badness 10000) in paragraph at lines 358--359
\TU/TimesNewRoman(0)/m/n/12 usaha awal
 []


Underfull \hbox (badness 10000) in paragraph at lines 359--360
[]\TU/TimesNewRoman(0)/m/n/12 Pemeliharaan
 []


Underfull \hbox (badness 10000) in paragraph at lines 359--360
\TU/TimesNewRoman(0)/m/n/12 butuh keah-
 []


Underfull \hbox (badness 10000) in paragraph at lines 359--360
\TU/TimesNewRoman(0)/m/n/12 lian berbagai
 []


Underfull \hbox (badness 10000) in paragraph at lines 360--361
[]\TU/TimesNewRoman(0)/m/n/12 Biaya infras-
 []


Underfull \hbox (badness 10000) in paragraph at lines 360--361
\TU/TimesNewRoman(0)/m/n/12 truktur lebih
 []


Underfull \hbox (badness 10000) in paragraph at lines 365--365
[]|\TU/TimesNewRoman(0)/m/n/12 Dasbor BI
 []


Underfull \hbox (badness 10000) in paragraph at lines 365--365
\TU/TimesNewRoman(0)/m/n/12 Interaktif
 []


Underfull \hbox (badness 10000) in paragraph at lines 365--365
\TU/TimesNewRoman(0)/m/n/12 Tradisional
 []


Underfull \hbox (badness 1019) in paragraph at lines 365--365
\TU/TimesNewRoman(0)/m/n/12 dengan Pe-
 []


Underfull \hbox (badness 10000) in paragraph at lines 366--366
[]|\TU/TimesNewRoman(0)/m/n/12 Tetap menggunakan
 []


Underfull \hbox (badness 10000) in paragraph at lines 366--366
\TU/TimesNewRoman(0)/m/n/12 sudah ada, dengan
 []


Underfull \hbox (badness 10000) in paragraph at lines 366--366
\TU/TimesNewRoman(0)/m/n/12 peningkatan untuk
 []


Underfull \hbox (badness 10000) in paragraph at lines 366--366
\TU/TimesNewRoman(0)/m/n/12 interaktivitas yang
 []


Underfull \hbox (badness 10000) in paragraph at lines 366--366
\TU/TimesNewRoman(0)/m/n/12 dapat melakukan
 []


Underfull \hbox (badness 10000) in paragraph at lines 366--366
\TU/TimesNewRoman(0)/m/n/12 penggalian data,
 []


Underfull \hbox (badness 10000) in paragraph at lines 366--366
\TU/TimesNewRoman(0)/m/n/12 penyaringan, dan
 []


Underfull \hbox (badness 10000) in paragraph at lines 366--366
\TU/TimesNewRoman(0)/m/n/12 agregasi melalui
 []


Underfull \hbox (badness 10000) in paragraph at lines 366--366
\TU/TimesNewRoman(0)/m/n/12 kontrol antarmuka
 []


Underfull \hbox (badness 10000) in paragraph at lines 366--366
\TU/TimesNewRoman(0)/m/n/12 intuitif. Menam-
 []


Underfull \hbox (badness 1038) in paragraph at lines 366--366
\TU/TimesNewRoman(0)/m/n/12 bahkan fitur analitik
 []


Underfull \hbox (badness 10000) in paragraph at lines 366--366
\TU/TimesNewRoman(0)/m/n/12 layanan mandiri
 []


Underfull \hbox (badness 5203) in paragraph at lines 366--366
\TU/TimesNewRoman(0)/m/n/12 dan aplikasi dasbor
 []


Underfull \hbox (badness 10000) in paragraph at lines 369--370
[]\TU/TimesNewRoman(0)/m/n/12 Teknologi
 []


Underfull \hbox (badness 10000) in paragraph at lines 369--370
\TU/TimesNewRoman(0)/m/n/12 matang dan
 []


Underfull \hbox (badness 10000) in paragraph at lines 370--371
[]\TU/TimesNewRoman(0)/m/n/12 Dukungan
 []


Underfull \hbox (badness 10000) in paragraph at lines 370--371
\TU/TimesNewRoman(0)/m/n/12 komunitas
 []


Underfull \hbox (badness 10000) in paragraph at lines 371--372
[]\TU/TimesNewRoman(0)/m/n/12 Tata kelola
 []


Underfull \hbox (badness 10000) in paragraph at lines 371--372
\TU/TimesNewRoman(0)/m/n/12 data dan
 []


Underfull \hbox (badness 10000) in paragraph at lines 371--372
\TU/TimesNewRoman(0)/m/n/12 keamanan
 []


Underfull \hbox (badness 10000) in paragraph at lines 372--373
[]\TU/TimesNewRoman(0)/m/n/12 Akrab bagi
 []


Underfull \hbox (badness 10000) in paragraph at lines 372--373
\TU/TimesNewRoman(0)/m/n/12 organisasi
 []


Underfull \hbox (badness 10000) in paragraph at lines 372--373
\TU/TimesNewRoman(0)/m/n/12 dengan alat
 []


Underfull \hbox (badness 10000) in paragraph at lines 376--377
[]\TU/TimesNewRoman(0)/m/n/12 Tidak men-
 []


Underfull \hbox (badness 10000) in paragraph at lines 376--377
\TU/TimesNewRoman(0)/m/n/12 dukung kueri
 []


Underfull \hbox (badness 3281) in paragraph at lines 377--378
[]\TU/TimesNewRoman(0)/m/n/12 Tidak ada an-
 []


Underfull \hbox (badness 10000) in paragraph at lines 378--379
[]\TU/TimesNewRoman(0)/m/n/12 Dukungan
 []


Underfull \hbox (badness 10000) in paragraph at lines 378--379
\TU/TimesNewRoman(0)/m/n/12 terbatas untuk
 []


Underfull \hbox (badness 10000) in paragraph at lines 379--380
[]\TU/TimesNewRoman(0)/m/n/12 Tetap memer-
 []


Underfull \hbox (badness 3375) in paragraph at lines 379--380
\TU/TimesNewRoman(0)/m/n/12 lukan keahlian
 []


Underfull \hbox (badness 10000) in paragraph at lines 380--381
[]\TU/TimesNewRoman(0)/m/n/12 Tidak dapat
 []


Underfull \hbox (badness 10000) in paragraph at lines 380--381
\TU/TimesNewRoman(0)/m/n/12 bisnis peka
 []


Overfull \hbox (1.66588pt too wide) in alignment at lines 320--384
 [] [] [] [] [] 
 []



[50] [51] [52]

[53]
Underfull \hbox (badness 5578) in paragraph at lines 425--425
[]|\TU/TimesNewRoman(0)/m/it/12 Customer \TU/TimesNewRoman(0)/m/n/12 (Penggu-
 []


Underfull \hbox (badness 10000) in paragraph at lines 428--428
[]|\TU/TimesNewRoman(0)/m/it/12 Internal Business
 []



[54] [55]
Underfull \hbox (badness 5578) in paragraph at lines 463--463
[]|\TU/TimesNewRoman(0)/m/it/12 Customer \TU/TimesNewRoman(0)/m/n/12 (Penggu-
 []


Underfull \hbox (badness 10000) in paragraph at lines 466--466
[]|\TU/TimesNewRoman(0)/m/it/12 Internal Business
 []


Underfull \hbox (badness 1117) in paragraph at lines 469--470
\TU/TimesNewRoman(0)/m/n/12 mesin yang dapat menjadi fondasi untuk inovasi-
 []



[56] [57] [58] [59]
Underfull \hbox (badness 5578) in paragraph at lines 501--501
[]|\TU/TimesNewRoman(0)/m/it/12 Customer \TU/TimesNewRoman(0)/m/n/12 (Penggu-
 []


Underfull \hbox (badness 10000) in paragraph at lines 504--504
[]|\TU/TimesNewRoman(0)/m/it/12 Internal Business
 []


Underfull \hbox (badness 2229) in paragraph at lines 507--508
[]|\TU/TimesNewRoman(0)/m/n/12 Solusi ini memberikan kesempatan sedang untuk
 []



[60] [61]

[62]
Overfull \hbox (5.4908pt too wide) in paragraph at lines 520--520
[]|\TU/TimesNewRoman(0)/b/it/12 Customer| 
 []


Overfull \hbox (5.4908pt too wide) in paragraph at lines 527--527
[]|\TU/TimesNewRoman(0)/b/it/12 Customer| 
 []


Underfull \hbox (badness 10000) in paragraph at lines 538--538
[]|\TU/TimesNewRoman(0)/m/it/12 Chatbot
 []


Underfull \hbox (badness 10000) in paragraph at lines 538--538
\TU/TimesNewRoman(0)/m/n/12 Berbasis
 []


Underfull \hbox (badness 10000) in paragraph at lines 538--538
\TU/TimesNewRoman(0)/m/n/12 Aturan
 []


Underfull \hbox (badness 10000) in paragraph at lines 539--539
[]|\TU/TimesNewRoman(0)/m/n/12 Rendah-
 []


Underfull \hbox (badness 10000) in paragraph at lines 540--540
[]|\TU/TimesNewRoman(0)/m/n/12 Rendah-
 []


Overfull \hbox (1.09032pt too wide) in paragraph at lines 542--542
[]|\TU/TimesNewRoman(0)/m/n/12 Rendah| 
 []


Underfull \hbox (badness 10000) in paragraph at lines 543--544
[]|\TU/TimesNewRoman(0)/m/n/12 Organisasi kecil
 []


Underfull \hbox (badness 10000) in paragraph at lines 543--544
\TU/TimesNewRoman(0)/m/n/12 dengan kebu-
 []


Underfull \hbox (badness 10000) in paragraph at lines 543--544
\TU/TimesNewRoman(0)/m/n/12 tuhan analitik
 []


Underfull \hbox (badness 10000) in paragraph at lines 543--544
\TU/TimesNewRoman(0)/m/n/12 sangat terbatas
 []


Underfull \hbox (badness 10000) in paragraph at lines 543--544
\TU/TimesNewRoman(0)/m/n/12 dan kueri yang
 []


Underfull \hbox (badness 10000) in paragraph at lines 546--546
[]|\TU/TimesNewRoman(0)/m/it/12 Chatbot
 []


Underfull \hbox (badness 10000) in paragraph at lines 546--546
\TU/TimesNewRoman(0)/m/n/12 BI dengan
 []


Underfull \hbox (badness 10000) in paragraph at lines 546--546
\TU/TimesNewRoman(0)/m/n/12 Klasifikasi
 []


Underfull \hbox (badness 10000) in paragraph at lines 546--546
\TU/TimesNewRoman(0)/m/n/12 Maksud,
 []


Underfull \hbox (badness 10000) in paragraph at lines 546--546
\TU/TimesNewRoman(0)/m/n/12 Pem-
 []


Underfull \hbox (badness 10000) in paragraph at lines 546--546
\TU/TimesNewRoman(0)/m/n/12 bangkitan
 []


Underfull \hbox (badness 10000) in paragraph at lines 546--546
\TU/TimesNewRoman(0)/m/n/12 Bahasa
 []


Underfull \hbox (badness 10000) in paragraph at lines 546--546
\TU/TimesNewRoman(0)/m/n/12 Peramal-
 []


Underfull \hbox (badness 10000) in paragraph at lines 546--546
\TU/TimesNewRoman(0)/m/n/12 an Deret
 []


Underfull \hbox (badness 10000) in paragraph at lines 547--547
[]|\TU/TimesNewRoman(0)/m/n/12 Sedang-
 []


Underfull \hbox (badness 10000) in paragraph at lines 547--547
\TU/TimesNewRoman(0)/m/n/12 Tinggi
 []


Underfull \hbox (badness 10000) in paragraph at lines 547--547
\TU/TimesNewRoman(0)/m/n/12 (ROI
 []


Underfull \hbox (badness 10000) in paragraph at lines 548--548
[]|\TU/TimesNewRoman(0)/m/n/12 Sangat
 []


Underfull \hbox (badness 10000) in paragraph at lines 549--549
[]|\TU/TimesNewRoman(0)/m/n/12 Sangat
 []


Underfull \hbox (badness 10000) in paragraph at lines 550--550
[]|\TU/TimesNewRoman(0)/m/n/12 Sangat
 []


Underfull \hbox (badness 10000) in paragraph at lines 551--552
[]|\TU/TimesNewRoman(0)/m/n/12 Organisasi me-
 []


Underfull \hbox (badness 10000) in paragraph at lines 551--552
\TU/TimesNewRoman(0)/m/n/12 nengah hingga
 []


Underfull \hbox (badness 10000) in paragraph at lines 551--552
\TU/TimesNewRoman(0)/m/n/12 besar dengan
 []


Underfull \hbox (badness 10000) in paragraph at lines 551--552
\TU/TimesNewRoman(0)/m/n/12 volume data
 []


Underfull \hbox (badness 10000) in paragraph at lines 551--552
\TU/TimesNewRoman(0)/m/n/12 analitik kom-
 []


Underfull \hbox (badness 10000) in paragraph at lines 551--552
\TU/TimesNewRoman(0)/m/n/12 digital berbasis
 []


Underfull \hbox (badness 10000) in paragraph at lines 554--554
[]|\TU/TimesNewRoman(0)/m/n/12 Dasbor BI
 []


Underfull \hbox (badness 10000) in paragraph at lines 554--554
\TU/TimesNewRoman(0)/m/n/12 Interaktif
 []


Underfull \hbox (badness 10000) in paragraph at lines 554--554
\TU/TimesNewRoman(0)/m/n/12 Tradisional
 []


Underfull \hbox (badness 1019) in paragraph at lines 554--554
\TU/TimesNewRoman(0)/m/n/12 dengan Pe-
 []


Underfull \hbox (badness 10000) in paragraph at lines 557--557
[]|\TU/TimesNewRoman(0)/m/n/12 Sedang-
 []


Underfull \hbox (badness 10000) in paragraph at lines 559--560
[]|\TU/TimesNewRoman(0)/m/n/12 Organisasi yang
 []


Underfull \hbox (badness 10000) in paragraph at lines 559--560
\TU/TimesNewRoman(0)/m/n/12 sudah memiliki
 []


Underfull \hbox (badness 10000) in paragraph at lines 559--560
\TU/TimesNewRoman(0)/m/n/12 investasi besar
 []


Underfull \hbox (badness 10000) in paragraph at lines 559--560
\TU/TimesNewRoman(0)/m/n/12 peningkatan
 []



[63]
Overfull \hbox (0.5286pt too wide) in paragraph at lines 577--578
[]\TU/TimesNewRoman(0)/b/n/12 Pengembalian Investasi dan Justifikasi Finansial\TU/TimesNewRoman(0)/m/n/12 : Meskipun investasi awal
 []


Overfull \hbox (4.88797pt too wide) in paragraph at lines 579--580
\TU/TimesNewRoman(0)/m/n/12 kecepatan pengambilan keputusan dibandingkan kompetitor yang masih meng-
 []



[64]) (./Bab IV - Desain-Konsep-Solusi.tex) (./Bab V - Rencana-Selanjutnya.tex)

[65]

[66


]
Overfull \hbox (7.38939pt too wide) in paragraph at lines 408--408
[][]\TU/TimesNewRoman(0)/m/n/12 Deemter, Kees van, Emiel Krahmer, dan Mariët Theune. 2005. “  Real versus Template-
 []


Overfull \hbox (27.92455pt too wide) in paragraph at lines 408--408
\TU/TimesNewRoman(0)/m/n/12 manamanchi, Anuoluwapo Aremu, Antoine Bosselut, dkk. 2022. “  NLG-Metricverse:
 []



[67]

Package biblatex Warning: Month out of range or not an integer
(biblatex)                at entry 'Intimedia2024' on input line 408.



[68]
Overfull \hbox (8.21161pt too wide) in paragraph at lines 408--408
[][]\TU/TimesNewRoman(0)/m/n/12 Labs, dbt. 2024. “  Understanding Semantic Layer Architecture”. Diakses pada Novem-
 []


Overfull \hbox (3.94688pt too wide) in paragraph at lines 408--408
\TU/TimesNewRoman(0)/m/n/12 Rathod. 2022. “  Implementation of a Chatbot System Using AI and NLP”. Dalam
 []


Overfull \hbox (1.59315pt too wide) in paragraph at lines 408--408
\TU/TimesNewRoman(0)/m/n/12 diction Model Based on Hybrid Neural Networks”. \TU/TimesNewRoman(0)/m/it/12 Scientific Reports \TU/TimesNewRoman(0)/m/n/12 14:79603.
 []



[69]
Overfull \hbox (1.96846pt too wide) in paragraph at lines 408--408
[][]\TU/TimesNewRoman(0)/m/n/12 Rebuffel, Clément, Laure Soulier, Geoffrey Scoutheeten, dan Patrick Gallinari. 2020.
 []


Overfull \hbox (39.24355pt too wide) in paragraph at lines 408--408
\TU/TimesNewRoman(0)/m/n/12 “  A Hierarchical Model for Data-to-Text Generation”. \TU/TimesNewRoman(0)/m/it/12 arXiv preprint arXiv:2004.15006,
 []



[70]

[71]

Package caption Warning: Unused \captionsetup[lstlisting] on input line 388.
See the caption package documentation for explanation.



[72] (./ProposalTA.aux)
 ***********
LaTeX2e <2024-11-01> patch level 2
L3 programming layer <2025-01-18>
 ***********


LaTeX Warning: There were undefined references.

Package rerunfilecheck Info: File `ProposalTA.out' has not changed.
(rerunfilecheck)             Checksum: 0C05789AF84C173696BEAC427E09C73F;17359.

Package biblatex Warning: Please rerun LaTeX.

Package logreq Info: Writing requests to 'ProposalTA.run.xml'.
\openout1 = `ProposalTA.run.xml'.

 ) 
Here is how much of TeX's memory you used:
 31827 strings out of 473832
 634941 string characters out of 5729482
 2011058 words of memory out of 5000000
 54510 multiletter control sequences out of 15000+600000
 565622 words of font info for 90 fonts, out of 8000000 for 9000
 1348 hyphenation exceptions out of 8191
 79i,10n,93p,1356b,6297s stack positions out of 10000i,1000n,20000p,200000b,200000s

Output written on ProposalTA.pdf (80 pages).
