\BOOKMARK [0][-]{figure.caption.1}{\376\377\000D\000A\000F\000T\000A\000R\000\040\000G\000A\000M\000B\000A\000R}{}% 1
\BOOKMARK [0][-]{figure.caption.1}{\376\377\000D\000A\000F\000T\000A\000R\000\040\000T\000A\000B\000E\000L}{}% 2
\BOOKMARK [0][-]{chapter*.2}{\376\377\000=\000D\000A\000F\000T\000A\000R\000\040\000K\000O\000D\000E}{}% 3
\BOOKMARK [0][-]{chapter.1}{\376\377\000P\000E\000N\000D\000A\000H\000U\000L\000U\000A\000N}{}% 4
\BOOKMARK [1][-]{section.1.1}{\376\377\000L\000a\000t\000a\000r\000\040\000B\000e\000l\000a\000k\000a\000n\000g}{chapter.1}% 5
\BOOKMARK [1][-]{section.1.2}{\376\377\000R\000u\000m\000u\000s\000a\000n\000\040\000M\000a\000s\000a\000l\000a\000h}{chapter.1}% 6
\BOOKMARK [1][-]{section.1.3}{\376\377\000T\000u\000j\000u\000a\000n}{chapter.1}% 7
\BOOKMARK [1][-]{section.1.4}{\376\377\000B\000a\000t\000a\000s\000a\000n\000\040\000M\000a\000s\000a\000l\000a\000h}{chapter.1}% 8
\BOOKMARK [1][-]{section.1.5}{\376\377\000M\000e\000t\000o\000d\000o\000l\000o\000g\000i}{chapter.1}% 9
\BOOKMARK [2][-]{subsection.1.5.1}{\376\377\000T\000a\000h\000a\000p\000a\000n\000\040\000I\000n\000v\000e\000s\000t\000i\000g\000a\000s\000i\000\040\000d\000a\000n\000\040\000P\000e\000n\000g\000u\000m\000p\000u\000l\000a\000n\000\040\000F\000a\000k\000t\000a}{section.1.5}% 10
\BOOKMARK [2][-]{subsection.1.5.2}{\376\377\000S\000t\000u\000d\000i\000\040\000L\000i\000t\000e\000r\000a\000t\000u\000r}{section.1.5}% 11
\BOOKMARK [2][-]{subsection.1.5.3}{\376\377\000P\000e\000r\000a\000n\000c\000a\000n\000g\000a\000n\000\040\000S\000i\000s\000t\000e\000m}{section.1.5}% 12
\BOOKMARK [2][-]{subsection.1.5.4}{\376\377\000I\000m\000p\000l\000e\000m\000e\000n\000t\000a\000s\000i\000\040\000S\000i\000s\000t\000e\000m}{section.1.5}% 13
\BOOKMARK [2][-]{subsection.1.5.5}{\376\377\000P\000e\000n\000g\000u\000j\000i\000a\000n\000\040\000d\000a\000n\000\040\000E\000v\000a\000l\000u\000a\000s\000i}{section.1.5}% 14
\BOOKMARK [2][-]{subsection.1.5.6}{\376\377\000D\000o\000k\000u\000m\000e\000n\000t\000a\000s\000i\000\040\000d\000a\000n\000\040\000P\000e\000n\000y\000u\000s\000u\000n\000a\000n\000\040\000L\000a\000p\000o\000r\000a\000n}{section.1.5}% 15
\BOOKMARK [0][-]{chapter.2}{\376\377\000S\000T\000U\000D\000I\000\040\000L\000I\000T\000E\000R\000A\000T\000U\000R}{}% 16
\BOOKMARK [1][-]{section.2.1}{\376\377\000B\000u\000s\000i\000n\000e\000s\000s\000\040\000I\000n\000t\000e\000l\000l\000i\000g\000e\000n\000c\000e\000\040\000d\000a\000n\000\040\000A\000r\000s\000i\000t\000e\000k\000t\000u\000r\000\040\000S\000i\000s\000t\000e\000m}{chapter.2}% 17
\BOOKMARK [2][-]{subsection.2.1.1}{\376\377\000K\000o\000n\000s\000e\000p\000\040\000B\000u\000s\000i\000n\000e\000s\000s\000\040\000I\000n\000t\000e\000l\000l\000i\000g\000e\000n\000c\000e}{section.2.1}% 18
\BOOKMARK [2][-]{subsection.2.1.2}{\376\377\000A\000r\000s\000i\000t\000e\000k\000t\000u\000r\000\040\000B\000u\000s\000i\000n\000e\000s\000s\000\040\000I\000n\000t\000e\000l\000l\000i\000g\000e\000n\000c\000e\000\040\000H\000i\000b\000r\000i\000d\000a}{section.2.1}% 19
\BOOKMARK [2][-]{subsection.2.1.3}{\376\377\000S\000e\000m\000a\000n\000t\000i\000c\000\040\000L\000a\000y\000e\000r\000\040\000d\000a\000l\000a\000m\000\040\000B\000u\000s\000i\000n\000e\000s\000s\000\040\000I\000n\000t\000e\000l\000l\000i\000g\000e\000n\000c\000e}{section.2.1}% 20
\BOOKMARK [3][-]{subsubsection.2.1.3.1}{\376\377\000K\000o\000m\000p\000o\000n\000e\000n\000\040\000I\000n\000t\000i\000\040\000S\000e\000m\000a\000n\000t\000i\000c\000\040\000L\000a\000y\000e\000r}{subsection.2.1.3}% 21
\BOOKMARK [1][-]{section.2.2}{\376\377\000P\000a\000t\000t\000e\000r\000n\000-\000B\000a\000s\000e\000d\000\040\000I\000n\000t\000e\000n\000t\000\040\000C\000l\000a\000s\000s\000i\000f\000i\000c\000a\000t\000i\000o\000n\000\040\000d\000e\000n\000g\000a\000n\000\040\000C\000o\000n\000f\000i\000d\000e\000n\000c\000e\000\040\000L\000e\000v\000e\000l}{chapter.2}% 22
\BOOKMARK [2][-]{subsection.2.2.1}{\376\377\000K\000o\000n\000s\000e\000p\000\040\000I\000n\000t\000e\000n\000t\000\040\000C\000l\000a\000s\000s\000i\000f\000i\000c\000a\000t\000i\000o\000n}{section.2.2}% 23
\BOOKMARK [2][-]{subsection.2.2.2}{\376\377\000K\000l\000a\000s\000i\000f\000i\000k\000a\000s\000i\000\040\000I\000n\000t\000e\000n\000t\000\040\000B\000e\000r\000b\000a\000s\000i\000s\000\040\000T\000r\000a\000n\000s\000f\000o\000r\000m\000e\000r}{section.2.2}% 24
\BOOKMARK [2][-]{subsection.2.2.3}{\376\377\000P\000a\000t\000t\000e\000r\000n\000\040\000M\000a\000t\000c\000h\000i\000n\000g\000\040\000u\000n\000t\000u\000k\000\040\000I\000n\000t\000e\000n\000t\000\040\000C\000l\000a\000s\000s\000i\000f\000i\000c\000a\000t\000i\000o\000n}{section.2.2}% 25
\BOOKMARK [2][-]{subsection.2.2.4}{\376\377\000C\000o\000n\000f\000i\000d\000e\000n\000c\000e\000\040\000S\000c\000o\000r\000e\000\040\000d\000a\000l\000a\000m\000\040\000I\000n\000t\000e\000n\000t\000\040\000C\000l\000a\000s\000s\000i\000f\000i\000c\000a\000t\000i\000o\000n}{section.2.2}% 26
\BOOKMARK [3][-]{subsubsection.2.2.4.1}{\376\377\000C\000o\000n\000f\000i\000d\000e\000n\000c\000e\000\040\000T\000h\000r\000e\000s\000h\000o\000l\000d}{subsection.2.2.4}% 27
\BOOKMARK [2][-]{subsection.2.2.5}{\376\377\000E\000v\000a\000l\000u\000a\000s\000i\000\040\000P\000e\000r\000f\000o\000r\000m\000a\000\040\000I\000n\000t\000e\000n\000t\000\040\000C\000l\000a\000s\000s\000i\000f\000i\000c\000a\000t\000i\000o\000n}{section.2.2}% 28
\BOOKMARK [3][-]{subsubsection.2.2.5.1}{\376\377\000M\000e\000t\000r\000i\000k\000\040\000E\000v\000a\000l\000u\000a\000s\000i\000\040\000K\000l\000a\000s\000i\000f\000i\000k\000a\000s\000i\000\040\000I\000n\000t\000e\000n\000t\000\040\000M\000u\000l\000t\000i\000-\000K\000e\000l\000a\000s}{subsection.2.2.5}% 29
\BOOKMARK [3][-]{subsubsection.2.2.5.2}{\376\377\000C\000o\000n\000f\000u\000s\000i\000o\000n\000\040\000M\000a\000t\000r\000i\000x\000\040\000d\000a\000n\000\040\000C\000o\000n\000f\000i\000d\000e\000n\000c\000e\000\040\000S\000c\000o\000r\000e\000\040\000A\000n\000a\000l\000y\000s\000i\000s}{subsection.2.2.5}% 30
\BOOKMARK [3][-]{subsubsection.2.2.5.3}{\376\377\000T\000a\000r\000g\000e\000t\000\040\000P\000e\000r\000f\000o\000r\000m\000a\000\040\000I\000n\000t\000e\000n\000t\000\040\000C\000l\000a\000s\000s\000i\000f\000i\000c\000a\000t\000i\000o\000n}{subsection.2.2.5}% 31
\BOOKMARK [1][-]{section.2.3}{\376\377\000T\000e\000m\000p\000l\000a\000t\000e\000-\000B\000a\000s\000e\000d\000\040\000N\000a\000t\000u\000r\000a\000l\000\040\000L\000a\000n\000g\000u\000a\000g\000e\000\040\000G\000e\000n\000e\000r\000a\000t\000i\000o\000n}{chapter.2}% 32
\BOOKMARK [2][-]{subsection.2.3.1}{\376\377\000K\000o\000n\000s\000e\000p\000\040\000N\000a\000t\000u\000r\000a\000l\000\040\000L\000a\000n\000g\000u\000a\000g\000e\000\040\000G\000e\000n\000e\000r\000a\000t\000i\000o\000n}{section.2.3}% 33
\BOOKMARK [2][-]{subsection.2.3.2}{\376\377\000T\000e\000m\000p\000l\000a\000t\000e\000-\000B\000a\000s\000e\000d\000\040\000N\000a\000t\000u\000r\000a\000l\000\040\000L\000a\000n\000g\000u\000a\000g\000e\000\040\000G\000e\000n\000e\000r\000a\000t\000i\000o\000n}{section.2.3}% 34
\BOOKMARK [2][-]{subsection.2.3.3}{\376\377\000T\000e\000m\000p\000l\000a\000t\000e\000\040\000R\000e\000w\000r\000i\000t\000i\000n\000g\000\040\000d\000e\000n\000g\000a\000n\000\040\000P\000r\000e\000-\000t\000r\000a\000i\000n\000e\000d\000\040\000L\000a\000n\000g\000u\000a\000g\000e\000\040\000M\000o\000d\000e\000l\000s}{section.2.3}% 35
\BOOKMARK [2][-]{subsection.2.3.4}{\376\377\000K\000e\000a\000m\000a\000n\000a\000n\000\040\000d\000a\000n\000\040\000P\000r\000i\000v\000a\000s\000i\000\040\000D\000a\000t\000a\000\040\000d\000a\000l\000a\000m\000\040\000N\000L\000G\000\040\000I\000n\000t\000e\000r\000n\000a\000l}{section.2.3}% 36
\BOOKMARK [3][-]{subsubsection.2.3.4.1}{\376\377\000D\000i\000f\000f\000e\000r\000e\000n\000t\000i\000a\000l\000\040\000P\000r\000i\000v\000a\000c\000y\000\040\000u\000n\000t\000u\000k\000\040\000N\000L\000G}{subsection.2.3.4}% 37
\BOOKMARK [3][-]{subsubsection.2.3.4.2}{\376\377\000S\000t\000r\000a\000t\000e\000g\000i\000\040\000K\000e\000a\000m\000a\000n\000a\000n\000\040\000D\000a\000t\000a\000\040\000d\000a\000l\000a\000m\000\040\000N\000L\000G}{subsection.2.3.4}% 38
\BOOKMARK [3][-]{subsubsection.2.3.4.3}{\376\377\000M\000i\000t\000i\000g\000a\000s\000i\000\040\000R\000i\000s\000i\000k\000o\000\040\000d\000a\000l\000a\000m\000\040\000N\000L\000G\000\040\000I\000n\000t\000e\000r\000n\000a\000l}{subsection.2.3.4}% 39
\BOOKMARK [2][-]{subsection.2.3.5}{\376\377\000E\000v\000a\000l\000u\000a\000s\000i\000\040\000K\000u\000a\000l\000i\000t\000a\000s\000\040\000N\000a\000t\000u\000r\000a\000l\000\040\000L\000a\000n\000g\000u\000a\000g\000e\000\040\000G\000e\000n\000e\000r\000a\000t\000i\000o\000n}{section.2.3}% 40
\BOOKMARK [3][-]{subsubsection.2.3.5.1}{\376\377\000M\000e\000t\000r\000i\000k\000\040\000E\000v\000a\000l\000u\000a\000s\000i\000\040\000N\000L\000G}{subsection.2.3.5}% 41
\BOOKMARK [3][-]{subsubsection.2.3.5.2}{\376\377\000M\000e\000t\000r\000i\000k\000\040\000T\000a\000s\000k\000-\000S\000p\000e\000c\000i\000f\000i\000c\000\040\000u\000n\000t\000u\000k\000\040\000B\000I\000\040\000C\000h\000a\000t\000b\000o\000t}{subsection.2.3.5}% 42
\BOOKMARK [3][-]{subsubsection.2.3.5.3}{\376\377\000T\000a\000r\000g\000e\000t\000\040\000P\000e\000r\000f\000o\000r\000m\000a\000\040\000N\000L\000G}{subsection.2.3.5}% 43
\BOOKMARK [1][-]{section.2.4}{\376\377\000T\000i\000m\000e\000\040\000S\000e\000r\000i\000e\000s\000\040\000F\000o\000r\000e\000c\000a\000s\000t\000i\000n\000g}{chapter.2}% 44
\BOOKMARK [2][-]{subsection.2.4.1}{\376\377\000K\000o\000n\000s\000e\000p\000\040\000T\000i\000m\000e\000\040\000S\000e\000r\000i\000e\000s\000\040\000d\000a\000n\000\040\000P\000e\000r\000a\000m\000a\000l\000a\000n}{section.2.4}% 45
\BOOKMARK [2][-]{subsection.2.4.2}{\376\377\000M\000o\000d\000e\000l\000\040\000A\000R\000I\000M\000A\000\040\000u\000n\000t\000u\000k\000\040\000T\000i\000m\000e\000\040\000S\000e\000r\000i\000e\000s}{section.2.4}% 46
\BOOKMARK [2][-]{subsection.2.4.3}{\376\377\000M\000o\000d\000e\000l\000\040\000S\000A\000R\000I\000M\000A\000\040\000u\000n\000t\000u\000k\000\040\000D\000a\000t\000a\000\040\000M\000u\000s\000i\000m\000a\000n}{section.2.4}% 47
\BOOKMARK [2][-]{subsection.2.4.4}{\376\377\000M\000o\000d\000e\000l\000\040\000L\000S\000T\000M\000\040\000u\000n\000t\000u\000k\000\040\000T\000i\000m\000e\000\040\000S\000e\000r\000i\000e\000s}{section.2.4}% 48
\BOOKMARK [2][-]{subsection.2.4.5}{\376\377\000P\000e\000r\000b\000a\000n\000d\000i\000n\000g\000a\000n\000\040\000A\000R\000I\000M\000A\000,\000\040\000S\000A\000R\000I\000M\000A\000,\000\040\000d\000a\000n\000\040\000L\000S\000T\000M}{section.2.4}% 49
\BOOKMARK [3][-]{subsubsection.2.4.5.1}{\376\377\000S\000t\000u\000d\000i\000\040\000E\000m\000p\000i\000r\000i\000s\000\040\000P\000e\000r\000b\000a\000n\000d\000i\000n\000g\000a\000n\000\040\000M\000o\000d\000e\000l}{subsection.2.4.5}% 50
\BOOKMARK [3][-]{subsubsection.2.4.5.2}{\376\377\000M\000o\000d\000e\000l\000\040\000H\000i\000b\000r\000i\000d\000a\000\040\000A\000R\000I\000M\000A\000-\000L\000S\000T\000M}{subsection.2.4.5}% 51
\BOOKMARK [3][-]{subsubsection.2.4.5.3}{\376\377\000P\000e\000r\000b\000a\000n\000d\000i\000n\000g\000a\000n\000\040\000K\000a\000r\000a\000k\000t\000e\000r\000i\000s\000t\000i\000k\000\040\000M\000o\000d\000e\000l}{subsection.2.4.5}% 52
\BOOKMARK [2][-]{subsection.2.4.6}{\376\377\000E\000v\000a\000l\000u\000a\000s\000i\000\040\000P\000e\000r\000f\000o\000r\000m\000a\000\040\000T\000i\000m\000e\000\040\000S\000e\000r\000i\000e\000s\000\040\000F\000o\000r\000e\000c\000a\000s\000t\000i\000n\000g}{section.2.4}% 53
\BOOKMARK [3][-]{subsubsection.2.4.6.1}{\376\377\000M\000e\000t\000r\000i\000k\000\040\000E\000v\000a\000l\000u\000a\000s\000i\000\040\000F\000o\000r\000e\000c\000a\000s\000t\000i\000n\000g}{subsection.2.4.6}% 54
\BOOKMARK [3][-]{subsubsection.2.4.6.2}{\376\377\000R\000e\000s\000i\000d\000u\000a\000l\000\040\000A\000n\000a\000l\000y\000s\000i\000s}{subsection.2.4.6}% 55
\BOOKMARK [3][-]{subsubsection.2.4.6.3}{\376\377\000C\000r\000o\000s\000s\000-\000V\000a\000l\000i\000d\000a\000t\000i\000o\000n\000\040\000u\000n\000t\000u\000k\000\040\000T\000i\000m\000e\000\040\000S\000e\000r\000i\000e\000s}{subsection.2.4.6}% 56
\BOOKMARK [3][-]{subsubsection.2.4.6.4}{\376\377\000T\000a\000r\000g\000e\000t\000\040\000P\000e\000r\000f\000o\000r\000m\000a\000\040\000F\000o\000r\000e\000c\000a\000s\000t\000i\000n\000g}{subsection.2.4.6}% 57
\BOOKMARK [1][-]{section.2.5}{\376\377\000I\000n\000t\000e\000g\000r\000a\000s\000i\000\040\000S\000i\000s\000t\000e\000m\000\040\000d\000a\000n\000\040\000P\000e\000n\000e\000l\000i\000t\000i\000a\000n\000\040\000T\000e\000r\000k\000a\000i\000t}{chapter.2}% 58
\BOOKMARK [2][-]{subsection.2.5.1}{\376\377\000A\000r\000s\000i\000t\000e\000k\000t\000u\000r\000\040\000C\000h\000a\000t\000b\000o\000t\000\040\000H\000i\000b\000r\000i\000d\000a}{section.2.5}% 59
\BOOKMARK [3][-]{subsubsection.2.5.1.1}{\376\377\000K\000o\000m\000p\000o\000n\000e\000n\000\040\000A\000r\000s\000i\000t\000e\000k\000t\000u\000r\000\040\000C\000h\000a\000t\000b\000o\000t\000\040\000M\000o\000d\000e\000r\000n}{subsection.2.5.1}% 60
\BOOKMARK [3][-]{subsubsection.2.5.1.2}{\376\377\000C\000h\000a\000t\000b\000o\000t\000\040\000H\000i\000b\000r\000i\000d\000a\000\040\000d\000e\000n\000g\000a\000n\000\040\000A\000I\000\040\000d\000a\000n\000\040\000H\000u\000m\000a\000n\000\040\000O\000v\000e\000r\000s\000i\000g\000h\000t}{subsection.2.5.1}% 61
\BOOKMARK [3][-]{subsubsection.2.5.1.3}{\376\377\000P\000a\000s\000a\000r\000\040\000C\000h\000a\000t\000b\000o\000t\000\040\000A\000I\000\040\000G\000l\000o\000b\000a\000l}{subsection.2.5.1}% 62
\BOOKMARK [2][-]{subsection.2.5.2}{\376\377\000I\000n\000t\000e\000g\000r\000a\000s\000i\000\040\000P\000a\000t\000t\000e\000r\000n\000-\000B\000a\000s\000e\000d\000\040\000I\000n\000t\000e\000n\000t\000\040\000d\000a\000n\000\040\000T\000e\000m\000p\000l\000a\000t\000e\000-\000B\000a\000s\000e\000d\000\040\000N\000L\000G}{section.2.5}% 63
\BOOKMARK [3][-]{subsubsection.2.5.2.1}{\376\377\000A\000l\000u\000r\000\040\000K\000e\000r\000j\000a\000\040\000T\000e\000r\000i\000n\000t\000e\000g\000r\000a\000s\000i}{subsection.2.5.2}% 64
\BOOKMARK [3][-]{subsubsection.2.5.2.2}{\376\377\000E\000v\000a\000l\000u\000a\000s\000i\000\040\000S\000i\000s\000t\000e\000m\000\040\000T\000e\000r\000i\000n\000t\000e\000g\000r\000a\000s\000i}{subsection.2.5.2}% 65
\BOOKMARK [2][-]{subsection.2.5.3}{\376\377\000C\000u\000s\000t\000o\000m\000e\000r\000\040\000C\000h\000u\000r\000n\000\040\000P\000r\000e\000d\000i\000c\000t\000i\000o\000n\000\040\000d\000e\000n\000g\000a\000n\000\040\000M\000a\000c\000h\000i\000n\000e\000\040\000L\000e\000a\000r\000n\000i\000n\000g}{section.2.5}% 66
\BOOKMARK [3][-]{subsubsection.2.5.3.1}{\376\377\000M\000o\000d\000e\000l\000\040\000M\000a\000c\000h\000i\000n\000e\000\040\000L\000e\000a\000r\000n\000i\000n\000g\000\040\000u\000n\000t\000u\000k\000\040\000C\000h\000u\000r\000n\000\040\000P\000r\000e\000d\000i\000c\000t\000i\000o\000n}{subsection.2.5.3}% 67
\BOOKMARK [3][-]{subsubsection.2.5.3.2}{\376\377\000E\000v\000a\000l\000u\000a\000s\000i\000\040\000M\000o\000d\000e\000l\000\040\000C\000h\000u\000r\000n\000\040\000P\000r\000e\000d\000i\000c\000t\000i\000o\000n}{subsection.2.5.3}% 68
\BOOKMARK [3][-]{subsubsection.2.5.3.3}{\376\377\000F\000i\000t\000u\000r\000-\000f\000i\000t\000u\000r\000\040\000u\000n\000t\000u\000k\000\040\000C\000h\000u\000r\000n\000\040\000P\000r\000e\000d\000i\000c\000t\000i\000o\000n}{subsection.2.5.3}% 69
\BOOKMARK [3][-]{subsubsection.2.5.3.4}{\376\377\000R\000e\000a\000l\000-\000T\000i\000m\000e\000\040\000C\000h\000u\000r\000n\000\040\000P\000r\000e\000d\000i\000c\000t\000i\000o\000n}{subsection.2.5.3}% 70
\BOOKMARK [2][-]{subsection.2.5.4}{\376\377\000I\000n\000t\000e\000g\000r\000a\000s\000i\000\040\000C\000h\000u\000r\000n\000\040\000P\000r\000e\000d\000i\000c\000t\000i\000o\000n\000\040\000d\000e\000n\000g\000a\000n\000\040\000C\000h\000a\000t\000b\000o\000t\000\040\000B\000I}{section.2.5}% 71
\BOOKMARK [0][-]{chapter.3}{\376\377\000A\000N\000A\000L\000I\000S\000I\000S\000\040\000M\000A\000S\000A\000L\000A\000H}{}% 72
\BOOKMARK [1][-]{section.3.1}{\376\377\000A\000n\000a\000l\000i\000s\000i\000s\000\040\000K\000o\000n\000d\000i\000s\000i\000\040\000S\000a\000a\000t\000\040\000I\000n\000i}{chapter.3}% 73
\BOOKMARK [1][-]{section.3.2}{\376\377\000A\000n\000a\000l\000i\000s\000i\000s\000\040\000K\000e\000b\000u\000t\000u\000h\000a\000n}{chapter.3}% 74
\BOOKMARK [2][-]{subsection.3.2.1}{\376\377\000I\000d\000e\000n\000t\000i\000f\000i\000k\000a\000s\000i\000\040\000M\000a\000s\000a\000l\000a\000h\000\040\000P\000e\000n\000g\000g\000u\000n\000a}{section.3.2}% 75
\BOOKMARK [2][-]{subsection.3.2.2}{\376\377\000K\000e\000b\000u\000t\000u\000h\000a\000n\000\040\000F\000u\000n\000g\000s\000i\000o\000n\000a\000l}{section.3.2}% 76
\BOOKMARK [2][-]{subsection.3.2.3}{\376\377\000K\000e\000b\000u\000t\000u\000h\000a\000n\000\040\000N\000o\000n\000f\000u\000n\000g\000s\000i\000o\000n\000a\000l}{section.3.2}% 77
\BOOKMARK [1][-]{section.3.3}{\376\377\000A\000n\000a\000l\000i\000s\000i\000s\000\040\000P\000e\000m\000i\000l\000i\000h\000a\000n\000\040\000S\000o\000l\000u\000s\000i}{chapter.3}% 78
\BOOKMARK [2][-]{subsection.3.3.1}{\376\377\000A\000l\000t\000e\000r\000n\000a\000t\000i\000f\000\040\000S\000o\000l\000u\000s\000i}{section.3.3}% 79
\BOOKMARK [2][-]{subsection.3.3.2}{\376\377\000A\000n\000a\000l\000i\000s\000i\000s\000\040\000P\000e\000n\000e\000n\000t\000u\000a\000n\000\040\000S\000o\000l\000u\000s\000i}{section.3.3}% 80
